Log file open, 07/02/18 18:59:17
LogWindows: Failed to load 'aqProf.dll' (GetLastError=126)
LogWindows: File 'aqProf.dll' does not exist
LogWindows: Failed to load 'VtuneApi.dll' (GetLastError=126)
LogWindows: File 'VtuneApi.dll' does not exist
LogWindows: Failed to load 'VtuneApi32e.dll' (GetLastError=126)
LogWindows: File 'VtuneApi32e.dll' does not exist
LogInit: Display: Running engine for game: MyProject
LogPlatformFile: Not using cached read wrapper
LogInit: Display: RandInit(-1171165579) SRandInit(-1171165579).
LogInit: Read version file with build ID '3944462'
LogInit: Overriding engine version to CL 4033788, compatible CL 3944462
LogInit: Registered custom module enumerator with build ID '3944462'
LogTaskGraph: Started task graph with 5 named threads and 23 total threads with 3 sets of task threads.
LogStats: Stats thread started at 2.947639
LogD3D11RHI: Aftermath initialized
LogICUInternationalization: Display: ICU TimeZone Detection - Raw Offset: -8:00, Platform Override: ''
LogPluginManager: Mounting plugin Paper2D
LogPluginManager: Mounting plugin LiveLink
LogPluginManager: Mounting plugin LightPropagationVolume
LogPluginManager: Mounting plugin CLionSourceCodeAccess
LogPluginManager: Mounting plugin CodeLiteSourceCodeAccess
LogPluginManager: Mounting plugin GitSourceControl
LogPluginManager: Mounting plugin KDevelopSourceCodeAccess
LogPluginManager: Mounting plugin NullSourceCodeAccess
LogPluginManager: Mounting plugin PerforceSourceControl
LogPluginManager: Mounting plugin SubversionSourceControl
LogPluginManager: Mounting plugin UObjectPlugin
LogPluginManager: Mounting plugin VisualStudioCodeSourceCodeAccess
LogPluginManager: Mounting plugin VisualStudioSourceCodeAccess
LogPluginManager: Mounting plugin XCodeSourceCodeAccess
LogPluginManager: Mounting plugin AssetManagerEditor
LogPluginManager: Mounting plugin CryptoKeys
LogPluginManager: Mounting plugin DataValidation
LogPluginManager: Mounting plugin FacialAnimation
LogPluginManager: Mounting plugin GameplayTagsEditor
LogPluginManager: Mounting plugin MobileLauncherProfileWizard
LogPluginManager: Mounting plugin PluginBrowser
LogPluginManager: Mounting plugin SpeedTreeImporter
LogPluginManager: Mounting plugin DatasmithContent
LogPluginManager: Mounting plugin AlembicImporter
LogPluginManager: Mounting plugin CharacterAI
LogPluginManager: Mounting plugin HTML5Networking
LogPluginManager: Mounting plugin AndroidMedia
LogPluginManager: Mounting plugin AvfMedia
LogPluginManager: Mounting plugin ImgMedia
LogPluginManager: Mounting plugin LinearTimecode
LogPluginManager: Mounting plugin MediaCompositing
LogPluginManager: Mounting plugin MediaPlayerEditor
LogPluginManager: Mounting plugin WmfMedia
LogPluginManager: Mounting plugin TcpMessaging
LogPluginManager: Mounting plugin UdpMessaging
LogPluginManager: Mounting plugin ActorSequence
LogPluginManager: Mounting plugin LevelSequenceEditor
LogPluginManager: Mounting plugin MatineeToLevelSequence
LogPluginManager: Mounting plugin NetcodeUnitTest
LogPluginManager: Mounting plugin NUTUnrealEngine4
LogPluginManager: Mounting plugin OnlineSubsystemGooglePlay
LogPluginManager: Mounting plugin OnlineSubsystemIOS
LogPluginManager: Mounting plugin OnlineSubsystem
LogPluginManager: Mounting plugin OnlineSubsystemNull
LogPluginManager: Mounting plugin OnlineSubsystemUtils
LogPluginManager: Mounting plugin AndroidDeviceProfileSelector
LogPluginManager: Mounting plugin AndroidMoviePlayer
LogPluginManager: Mounting plugin AndroidPermission
LogPluginManager: Mounting plugin AppleARKit
LogPluginManager: Mounting plugin AppleMoviePlayer
LogPluginManager: Mounting plugin ArchVisCharacter
LogPluginManager: Mounting plugin AudioCapture
LogPluginManager: Mounting plugin CableComponent
LogPluginManager: Mounting plugin CustomMeshComponent
LogPluginManager: Mounting plugin ExampleDeviceProfileSelector
LogPluginManager: Mounting plugin GoogleCloudMessaging
LogPluginManager: Mounting plugin ImmediatePhysics
LogPluginManager: Mounting plugin IOSDeviceProfileSelector
LogPluginManager: Mounting plugin LinuxDeviceProfileSelector
LogPluginManager: Mounting plugin LocationServicesBPLibrary
LogPluginManager: Mounting plugin MobilePatchingUtils
LogPluginManager: Mounting plugin OculusVR
LogPluginManager: Plugin shader directory ../../../Engine/Plugins/Runtime/Oculus/OculusVR/Shaders found
LogPluginManager: Mapping shader source directory ../../../Engine/Plugins/Runtime/Oculus/OculusVR/Shaders to virtual directory /Plugin/OculusVR
LogPluginManager: Mounting plugin PhysXVehicles
LogPluginManager: Mounting plugin ProceduralMeshComponent
LogPluginManager: Mounting plugin RuntimePhysXCooking
LogPluginManager: Mounting plugin SteamVR
LogPluginManager: Mounting plugin WindowsMoviePlayer
LogStreaming: Display: Took  1.653s to configure plugins.
LogModuleManager: Display: Found up-to-date module file ../../../../../../Users/graham/Desktop/GitStuff/Boxing/BoxingMobileGame/MyProject/Binaries/Win64/UE4Editor-MyProject.dll (API version 3944462).
LogModuleManager: Display: Found up-to-date module file ../../../Engine/Plugins/2D/Paper2D/Binaries/Win64/UE4Editor-Paper2D.dll (API version 3944462).
LogModuleManager: Display: Found up-to-date module file ../../../Engine/Plugins/2D/Paper2D/Binaries/Win64/UE4Editor-Paper2DEditor.dll (API version 3944462).
LogModuleManager: Display: Found up-to-date module file ../../../Engine/Plugins/2D/Paper2D/Binaries/Win64/UE4Editor-PaperSpriteSheetImporter.dll (API version 3944462).
LogModuleManager: Display: Found up-to-date module file ../../../Engine/Plugins/2D/Paper2D/Binaries/Win64/UE4Editor-PaperTiledImporter.dll (API version 3944462).
LogModuleManager: Display: Found up-to-date module file ../../../Engine/Plugins/2D/Paper2D/Binaries/Win64/UE4Editor-SmartSnapping.dll (API version 3944462).
LogModuleManager: Display: Found up-to-date module file ../../../Engine/Plugins/Animation/LiveLink/Binaries/Win64/UE4Editor-LiveLink.dll (API version 3944462).
LogModuleManager: Display: Found up-to-date module file ../../../Engine/Plugins/Animation/LiveLink/Binaries/Win64/UE4Editor-LiveLinkEditor.dll (API version 3944462).
LogModuleManager: Display: Found up-to-date module file ../../../Engine/Plugins/Blendables/LightPropagationVolume/Binaries/Win64/UE4Editor-LightPropagationVolumeRuntime.dll (API version 3944462).
LogModuleManager: Display: Found up-to-date module file ../../../Engine/Plugins/Blendables/LightPropagationVolume/Binaries/Win64/UE4Editor-LightPropagationVolumeEditor.dll (API version 3944462).
LogModuleManager: Display: Found up-to-date module file ../../../Engine/Plugins/Developer/CLionSourceCodeAccess/Binaries/Win64/UE4Editor-CLionSourceCodeAccess.dll (API version 3944462).
LogModuleManager: Display: Found up-to-date module file ../../../Engine/Plugins/Developer/GitSourceControl/Binaries/Win64/UE4Editor-GitSourceControl.dll (API version 3944462).
LogModuleManager: Display: Found up-to-date module file ../../../Engine/Plugins/Developer/PerforceSourceControl/Binaries/Win64/UE4Editor-PerforceSourceControl.dll (API version 3944462).
LogModuleManager: Display: Found up-to-date module file ../../../Engine/Plugins/Developer/SubversionSourceControl/Binaries/Win64/UE4Editor-SubversionSourceControl.dll (API version 3944462).
LogModuleManager: Display: Found up-to-date module file ../../../Engine/Plugins/Developer/UObjectPlugin/Binaries/Win64/UE4Editor-UObjectPlugin.dll (API version 3944462).
LogModuleManager: Display: Found up-to-date module file ../../../Engine/Plugins/Developer/VisualStudioCodeSourceCodeAccess/Binaries/Win64/UE4Editor-VisualStudioCodeSourceCodeAccess.dll (API version 3944462).
LogModuleManager: Display: Found up-to-date module file ../../../Engine/Plugins/Developer/VisualStudioSourceCodeAccess/Binaries/Win64/UE4Editor-VisualStudioSourceCodeAccess.dll (API version 3944462).
LogModuleManager: Display: Found up-to-date module file ../../../Engine/Plugins/Editor/AssetManagerEditor/Binaries/Win64/UE4Editor-AssetManagerEditor.dll (API version 3944462).
LogModuleManager: Display: Found up-to-date module file ../../../Engine/Plugins/Editor/CryptoKeys/Binaries/Win64/UE4Editor-CryptoKeys.dll (API version 3944462).
LogModuleManager: Display: Found up-to-date module file ../../../Engine/Plugins/Editor/CryptoKeys/Binaries/Win64/UE4Editor-CryptoKeysOpenSSL.dll (API version 3944462).
LogModuleManager: Display: Found up-to-date module file ../../../Engine/Plugins/Editor/DataValidation/Binaries/Win64/UE4Editor-DataValidation.dll (API version 3944462).
LogModuleManager: Display: Found up-to-date module file ../../../Engine/Plugins/Editor/FacialAnimation/Binaries/Win64/UE4Editor-FacialAnimation.dll (API version 3944462).
LogModuleManager: Display: Found up-to-date module file ../../../Engine/Plugins/Editor/FacialAnimation/Binaries/Win64/UE4Editor-FacialAnimationEditor.dll (API version 3944462).
LogModuleManager: Display: Found up-to-date module file ../../../Engine/Plugins/Editor/GameplayTagsEditor/Binaries/Win64/UE4Editor-GameplayTagsEditor.dll (API version 3944462).
LogModuleManager: Display: Found up-to-date module file ../../../Engine/Plugins/Editor/MobileLauncherProfileWizard/Binaries/Win64/UE4Editor-MobileLauncherProfileWizard.dll (API version 3944462).
LogModuleManager: Display: Found up-to-date module file ../../../Engine/Plugins/Editor/PluginBrowser/Binaries/Win64/UE4Editor-PluginBrowser.dll (API version 3944462).
LogModuleManager: Display: Found up-to-date module file ../../../Engine/Plugins/Editor/SpeedTreeImporter/Binaries/Win64/UE4Editor-SpeedTreeImporter.dll (API version 3944462).
LogModuleManager: Display: Found up-to-date module file ../../../Engine/Plugins/Enterprise/DatasmithContent/Binaries/Win64/UE4Editor-DatasmithContent.dll (API version 3944462).
LogModuleManager: Display: Found up-to-date module file ../../../Engine/Plugins/Experimental/AlembicImporter/Binaries/Win64/UE4Editor-AlembicImporter.dll (API version 3944462).
LogModuleManager: Display: Found up-to-date module file ../../../Engine/Plugins/Experimental/AlembicImporter/Binaries/Win64/UE4Editor-AlembicLibrary.dll (API version 3944462).
LogModuleManager: Display: Found up-to-date module file ../../../Engine/Plugins/Experimental/CharacterAI/Binaries/Win64/UE4Editor-CharacterAI.dll (API version 3944462).
LogModuleManager: Display: Found up-to-date module file ../../../Engine/Plugins/Experimental/HTML5Networking/Binaries/Win64/UE4Editor-HTML5Networking.dll (API version 3944462).
LogModuleManager: Display: Found up-to-date module file ../../../Engine/Plugins/Media/AndroidMedia/Binaries/Win64/UE4Editor-AndroidMediaEditor.dll (API version 3944462).
LogModuleManager: Display: Found up-to-date module file ../../../Engine/Plugins/Media/AndroidMedia/Binaries/Win64/UE4Editor-AndroidMediaFactory.dll (API version 3944462).
LogModuleManager: Display: Found up-to-date module file ../../../Engine/Plugins/Media/AvfMedia/Binaries/Win64/UE4Editor-AvfMediaEditor.dll (API version 3944462).
LogModuleManager: Display: Found up-to-date module file ../../../Engine/Plugins/Media/AvfMedia/Binaries/Win64/UE4Editor-AvfMediaFactory.dll (API version 3944462).
LogModuleManager: Display: Found up-to-date module file ../../../Engine/Plugins/Media/AvfMedia/Binaries/Win64/UE4Editor-AvfMediaFactory.dll (API version 3944462).
LogModuleManager: Display: Found up-to-date module file ../../../Engine/Plugins/Media/ImgMedia/Binaries/Win64/UE4Editor-ImgMedia.dll (API version 3944462).
LogModuleManager: Display: Found up-to-date module file ../../../Engine/Plugins/Media/ImgMedia/Binaries/Win64/UE4Editor-ImgMediaEditor.dll (API version 3944462).
LogModuleManager: Display: Found up-to-date module file ../../../Engine/Plugins/Media/ImgMedia/Binaries/Win64/UE4Editor-ImgMediaFactory.dll (API version 3944462).
LogModuleManager: Display: Found up-to-date module file ../../../Engine/Plugins/Media/ImgMedia/Binaries/Win64/UE4Editor-ImgMediaFactory.dll (API version 3944462).
LogModuleManager: Display: Found up-to-date module file ../../../Engine/Plugins/Media/ImgMedia/Binaries/Win64/UE4Editor-OpenExrWrapper.dll (API version 3944462).
LogModuleManager: Display: Found up-to-date module file ../../../Engine/Plugins/Media/LinearTimecode/Binaries/Win64/UE4Editor-LinearTimecode.dll (API version 3944462).
LogModuleManager: Display: Found up-to-date module file ../../../Engine/Plugins/Media/MediaCompositing/Binaries/Win64/UE4Editor-MediaCompositing.dll (API version 3944462).
LogModuleManager: Display: Found up-to-date module file ../../../Engine/Plugins/Media/MediaCompositing/Binaries/Win64/UE4Editor-MediaCompositingEditor.dll (API version 3944462).
LogModuleManager: Display: Found up-to-date module file ../../../Engine/Plugins/Media/MediaPlayerEditor/Binaries/Win64/UE4Editor-MediaPlayerEditor.dll (API version 3944462).
LogModuleManager: Display: Found up-to-date module file ../../../Engine/Plugins/Media/WmfMedia/Binaries/Win64/UE4Editor-WmfMedia.dll (API version 3944462).
LogModuleManager: Display: Found up-to-date module file ../../../Engine/Plugins/Media/WmfMedia/Binaries/Win64/UE4Editor-WmfMediaEditor.dll (API version 3944462).
LogModuleManager: Display: Found up-to-date module file ../../../Engine/Plugins/Media/WmfMedia/Binaries/Win64/UE4Editor-WmfMediaFactory.dll (API version 3944462).
LogModuleManager: Display: Found up-to-date module file ../../../Engine/Plugins/Media/WmfMedia/Binaries/Win64/UE4Editor-WmfMediaFactory.dll (API version 3944462).
LogModuleManager: Display: Found up-to-date module file ../../../Engine/Plugins/Messaging/TcpMessaging/Binaries/Win64/UE4Editor-TcpMessaging.dll (API version 3944462).
LogModuleManager: Display: Found up-to-date module file ../../../Engine/Plugins/Messaging/UdpMessaging/Binaries/Win64/UE4Editor-UdpMessaging.dll (API version 3944462).
LogModuleManager: Display: Found up-to-date module file ../../../Engine/Plugins/MovieScene/ActorSequence/Binaries/Win64/UE4Editor-ActorSequence.dll (API version 3944462).
LogModuleManager: Display: Found up-to-date module file ../../../Engine/Plugins/MovieScene/LevelSequenceEditor/Binaries/Win64/UE4Editor-LevelSequenceEditor.dll (API version 3944462).
LogModuleManager: Display: Found up-to-date module file ../../../Engine/Plugins/MovieScene/MatineeToLevelSequence/Binaries/Win64/UE4Editor-MatineeToLevelSequence.dll (API version 3944462).
LogModuleManager: Display: Found up-to-date module file ../../../Engine/Plugins/NetcodeUnitTest/NetcodeUnitTest/Binaries/Win64/UE4Editor-NetcodeUnitTest.dll (API version 3944462).
LogModuleManager: Display: Found up-to-date module file ../../../Engine/Plugins/NetcodeUnitTest/NUTUnrealEngine4/Binaries/Win64/UE4Editor-NUTUnrealEngine4.dll (API version 3944462).
LogModuleManager: Display: Found up-to-date module file ../../../Engine/Plugins/Online/OnlineSubsystem/Binaries/Win64/UE4Editor-OnlineSubsystem.dll (API version 3944462).
LogModuleManager: Display: Found up-to-date module file ../../../Engine/Plugins/Online/OnlineSubsystemNull/Binaries/Win64/UE4Editor-OnlineSubsystemNull.dll (API version 3944462).
LogModuleManager: Display: Found up-to-date module file ../../../Engine/Plugins/Online/OnlineSubsystemUtils/Binaries/Win64/UE4Editor-OnlineSubsystemUtils.dll (API version 3944462).
LogModuleManager: Display: Found up-to-date module file ../../../Engine/Plugins/Online/OnlineSubsystemUtils/Binaries/Win64/UE4Editor-OnlineBlueprintSupport.dll (API version 3944462).
LogModuleManager: Display: Found up-to-date module file ../../../Engine/Plugins/Runtime/AndroidDeviceProfileSelector/Binaries/Win64/UE4Editor-AndroidDeviceProfileSelector.dll (API version 3944462).
LogModuleManager: Display: Found up-to-date module file ../../../Engine/Plugins/Runtime/AndroidPermission/Binaries/Win64/UE4Editor-AndroidPermission.dll (API version 3944462).
LogModuleManager: Display: Found up-to-date module file ../../../Engine/Plugins/Runtime/AppleARKit/Binaries/Win64/UE4Editor-AppleARKit.dll (API version 3944462).
LogModuleManager: Display: Found up-to-date module file ../../../Engine/Plugins/Runtime/ArchVisCharacter/Binaries/Win64/UE4Editor-ArchVisCharacter.dll (API version 3944462).
LogModuleManager: Display: Found up-to-date module file ../../../Engine/Plugins/Runtime/AudioCapture/Binaries/Win64/UE4Editor-AudioCapture.dll (API version 3944462).
LogModuleManager: Display: Found up-to-date module file ../../../Engine/Plugins/Runtime/AudioCapture/Binaries/Win64/UE4Editor-AudioCaptureEditor.dll (API version 3944462).
LogModuleManager: Display: Found up-to-date module file ../../../Engine/Plugins/Runtime/CableComponent/Binaries/Win64/UE4Editor-CableComponent.dll (API version 3944462).
LogModuleManager: Display: Found up-to-date module file ../../../Engine/Plugins/Runtime/CustomMeshComponent/Binaries/Win64/UE4Editor-CustomMeshComponent.dll (API version 3944462).
LogModuleManager: Display: Found up-to-date module file ../../../Engine/Plugins/Runtime/ExampleDeviceProfileSelector/Binaries/Win64/UE4Editor-ExampleDeviceProfileSelector.dll (API version 3944462).
LogModuleManager: Display: Found up-to-date module file ../../../Engine/Plugins/Runtime/ImmediatePhysics/Binaries/Win64/UE4Editor-ImmediatePhysics.dll (API version 3944462).
LogModuleManager: Display: Found up-to-date module file ../../../Engine/Plugins/Runtime/ImmediatePhysics/Binaries/Win64/UE4Editor-ImmediatePhysicsEditor.dll (API version 3944462).
LogModuleManager: Display: Found up-to-date module file ../../../Engine/Plugins/Runtime/LocationServicesBPLibrary/Binaries/Win64/UE4Editor-LocationServicesBPLibrary.dll (API version 3944462).
LogModuleManager: Display: Found up-to-date module file ../../../Engine/Plugins/Runtime/MobilePatchingUtils/Binaries/Win64/UE4Editor-MobilePatchingUtils.dll (API version 3944462).
LogModuleManager: Display: Found up-to-date module file ../../../Engine/Plugins/Runtime/Oculus/OculusVR/Binaries/Win64/UE4Editor-OculusHMD.dll (API version 3944462).
LogModuleManager: Display: Found up-to-date module file ../../../Engine/Plugins/Runtime/Oculus/OculusVR/Binaries/Win64/UE4Editor-OculusInput.dll (API version 3944462).
LogModuleManager: Display: Found up-to-date module file ../../../Engine/Plugins/Runtime/Oculus/OculusVR/Binaries/Win64/UE4Editor-OculusEditor.dll (API version 3944462).
LogModuleManager: Display: Found up-to-date module file ../../../Engine/Plugins/Runtime/PhysXVehicles/Binaries/Win64/UE4Editor-PhysXVehicles.dll (API version 3944462).
LogModuleManager: Display: Found up-to-date module file ../../../Engine/Plugins/Runtime/PhysXVehicles/Binaries/Win64/UE4Editor-PhysXVehiclesEditor.dll (API version 3944462).
LogModuleManager: Display: Found up-to-date module file ../../../Engine/Plugins/Runtime/ProceduralMeshComponent/Binaries/Win64/UE4Editor-ProceduralMeshComponent.dll (API version 3944462).
LogModuleManager: Display: Found up-to-date module file ../../../Engine/Plugins/Runtime/ProceduralMeshComponent/Binaries/Win64/UE4Editor-ProceduralMeshComponentEditor.dll (API version 3944462).
LogModuleManager: Display: Found up-to-date module file ../../../Engine/Plugins/Runtime/RuntimePhysXCooking/Binaries/Win64/UE4Editor-RuntimePhysXCooking.dll (API version 3944462).
LogModuleManager: Display: Found up-to-date module file ../../../Engine/Plugins/Runtime/Steam/SteamVR/Binaries/Win64/UE4Editor-SteamVR.dll (API version 3944462).
LogModuleManager: Display: Found up-to-date module file ../../../Engine/Plugins/Runtime/Steam/SteamVR/Binaries/Win64/UE4Editor-SteamVRController.dll (API version 3944462).
LogModuleManager: Display: Found up-to-date module file ../../../Engine/Plugins/Runtime/WindowsMoviePlayer/Binaries/Win64/UE4Editor-WindowsMoviePlayer.dll (API version 3944462).
LogInit: Using libcurl 7.47.1
LogInit:  - built for x86_64-pc-win32
LogInit:  - supports SSL with OpenSSL/1.0.2g
LogInit:  - supports HTTP deflate (compression) using libz 1.2.8
LogInit:  - other features:
LogInit:      CURL_VERSION_SSL
LogInit:      CURL_VERSION_LIBZ
LogInit:      CURL_VERSION_IPV6
LogInit:      CURL_VERSION_ASYNCHDNS
LogInit:      CURL_VERSION_LARGEFILE
LogInit:      CURL_VERSION_IDN
LogInit:  CurlRequestOptions (configurable via config and command line):
LogInit:  - bVerifyPeer = false  - Libcurl will NOT verify peer certificate
LogInit:  - bUseHttpProxy = false  - Libcurl will NOT use HTTP proxy
LogInit:  - bDontReuseConnections = false  - Libcurl will reuse connections
LogInit:  - CertBundlePath = nullptr  - Libcurl will use whatever was configured at build time.
LogInit:  - MaxHostConnections = 16  - Libcurl will limit the number of connections to a host
LogInit:  - LocalHostAddr = Default
LogInit: WinSock: version 1.1 (2.2), MaxSocks=32767, MaxUdp=65467
LogInit: WinSock: I am alien (192.168.0.10:0)
LogInit: Build: ++UE4+Release-4.19-CL-4033788
LogInit: Engine Version: 4.19.2-4033788+++UE4+Release-4.19
LogInit: Compatible Engine Version: 4.19.0-3944462+++UE4+Release-4.19
LogInit: Net CL: 3944462
LogDevObjectVersion: Number of dev versions registered: 18
LogDevObjectVersion:   Dev-Blueprints (B0D832E4-1F89-4F0D-ACCF-7EB736FD4AA2): 10
LogDevObjectVersion:   Dev-Build (E1C64328-A22C-4D53-A36C-8E866417BD8C): 0
LogDevObjectVersion:   Dev-Core (375EC13C-06E4-48FB-B500-84F0262A717E): 2
LogDevObjectVersion:   Dev-Editor (E4B068ED-F494-42E9-A231-DA0B2E46BB41): 23
LogDevObjectVersion:   Dev-Framework (CFFC743F-43B0-4480-9391-14DF171D2073): 33
LogDevObjectVersion:   Dev-Mobile (B02B49B5-BB20-44E9-A304-32B752E40360): 2
LogDevObjectVersion:   Dev-Networking (A4E4105C-59A1-49B5-A7C5-40C4547EDFEE): 0
LogDevObjectVersion:   Dev-Online (39C831C9-5AE6-47DC-9A44-9C173E1C8E7C): 0
LogDevObjectVersion:   Dev-Physics (78F01B33-EBEA-4F98-B9B4-84EACCB95AA2): 0
LogDevObjectVersion:   Dev-Platform (6631380F-2D4D-43E0-8009-CF276956A95A): 0
LogDevObjectVersion:   Dev-Rendering (12F88B9F-8875-4AFC-A67C-D90C383ABD29): 25
LogDevObjectVersion:   Dev-Sequencer (7B5AE74C-D270-4C10-A958-57980B212A5A): 6
LogDevObjectVersion:   Dev-VR (D7296918-1DD6-4BDD-9DE2-64A83CC13884): 1
LogDevObjectVersion:   Dev-LoadTimes (C2A15278-BFE7-4AFE-6C17-90FF531DF755): 1
LogDevObjectVersion:   Private-Geometry (6EACA3D4-40EC-4CC1-B786-8BED09428FC5): 2
LogDevObjectVersion:   Dev-AnimPhys (29E575DD-E0A3-4627-9D10-D276232CDCEA): 16
LogDevObjectVersion:   Dev-ReflectionCapture (6B266CEC-1EC7-4B8F-A30B-E4D90942FC07): 1
LogDevObjectVersion:   Dev-Automation (0DF73D61-A23F-47EA-B727-89E90C41499A): 1
LogInit: Compiled (64-bit): Apr 27 2018 02:06:57
LogInit: Compiled with Visual C++: 19.00.24215.01
LogInit: Build Configuration: Development
LogInit: Branch Name: ++UE4+Release-4.19
LogInit: Command Line:  -skipcompile
LogInit: Base Directory: C:/Program Files/Epic Games/UE_4.19/Engine/Binaries/Win64/
LogInit: Installed Engine Build: 1
LogStreaming: Display: Took  0.001s to delete old logs.
LogInit: Presizing for max 8388607 objects, including 0 objects not considered by GC, pre-allocating 0 bytes for permanent pool.
LogInit: Object subsystem initialized
[2018.07.03-01.59.33:665][  0]LogInit: Selected Device Profile: [Windows]
[2018.07.03-01.59.33:665][  0]LogInit: Applying CVar settings loaded from the selected device profile: [Windows]
[2018.07.03-01.59.34:101][  0]LogInit: Computer: ALIEN
[2018.07.03-01.59.34:101][  0]LogInit: User: graham
[2018.07.03-01.59.34:101][  0]LogInit: CPU Page size=4096, Cores=4
[2018.07.03-01.59.34:101][  0]LogInit: High frequency timer resolution =3.515627 MHz
[2018.07.03-01.59.34:123][  0]LogMemory: Memory total: Physical=7.9GB (8GB approx)
[2018.07.03-01.59.34:123][  0]LogMemory: Platform Memory Stats for Windows
[2018.07.03-01.59.34:123][  0]LogMemory: Process Physical Memory: 274.05 MB used, 274.05 MB peak
[2018.07.03-01.59.34:123][  0]LogMemory: Process Virtual Memory: 270.85 MB used, 270.85 MB peak
[2018.07.03-01.59.34:123][  0]LogMemory: Physical Memory: 5794.89 MB used,  2313.33 MB free, 8108.23 MB total
[2018.07.03-01.59.34:123][  0]LogMemory: Virtual Memory: 4800.09 MB used,  2313.33 MB free, 134217728.00 MB total
[2018.07.03-01.59.38:587][  0]LogInit: Using OS detected language (en-US).
[2018.07.03-01.59.38:587][  0]LogInit: Using OS detected locale (en-US).
[2018.07.03-01.59.39:777][  0]LogTextLocalizationManager: No specific localization for 'en-US' exists, so the 'en' localization will be used.
[2018.07.03-01.59.43:416][  0]LogStreaming: Display: Took  4.837s to EndInitTextLocalization.
[2018.07.03-01.59.43:456][  0]LogInit: Setting process to per monitor DPI aware
[2018.07.03-01.59.45:281][  0]LogSlate: New Slate User Created.  User Index 0, Is Virtual User: 0
[2018.07.03-01.59.45:281][  0]LogSlate: Slate User Registered.  User Index 0, Is Virtual User: 0
[2018.07.03-02.00.03:020][  0]LogD3D11RHI: D3D11 adapters:
[2018.07.03-02.00.03:751][  0]LogD3D11RHI:    0. 'NVIDIA GeForce GTX 660' (Feature Level 11_0)
[2018.07.03-02.00.03:751][  0]LogD3D11RHI:       1506/0/4054 MB DedicatedVideo/DedicatedSystem/SharedSystem, Outputs:2, VendorId:0x10de
[2018.07.03-02.00.05:504][  0]LogD3D11RHI:    1. 'Microsoft Basic Render Driver' (Feature Level 11_0)
[2018.07.03-02.00.05:504][  0]LogD3D11RHI:       0/0/4054 MB DedicatedVideo/DedicatedSystem/SharedSystem, Outputs:0, VendorId:0x1414
[2018.07.03-02.00.05:504][  0]LogD3D11RHI: Chosen D3D11 Adapter: 0
[2018.07.03-02.00.05:892][  0]LogD3D11RHI: Creating new Direct3DDevice
[2018.07.03-02.00.06:018][  0]LogD3D11RHI:     GPU DeviceId: 0x1185 (for the marketing name, search the web for "GPU Device Id")
[2018.07.03-02.00.06:018][  0]LogWindows: EnumDisplayDevices:
[2018.07.03-02.00.06:019][  0]LogWindows:    0. 'NVIDIA GeForce GTX 660' (P:1 D:1)
[2018.07.03-02.00.06:019][  0]LogWindows:    1. 'NVIDIA GeForce GTX 660' (P:0 D:1)
[2018.07.03-02.00.06:019][  0]LogWindows:    2. 'NVIDIA GeForce GTX 660' (P:0 D:0)
[2018.07.03-02.00.06:019][  0]LogWindows:    3. 'NVIDIA GeForce GTX 660' (P:0 D:0)
[2018.07.03-02.00.06:019][  0]LogWindows: DebugString: GetVideoDriverDetailsInvalid PrimaryIsNotTheChoosenAdapter GetVideoDriverDetailsInvalid PrimaryIsNotTheChoosenAdapter GetVideoDriverDetailsInvalid PrimaryIsNotTheChoosenAdapter GetVideoDriverDetailsInvalid PrimaryIsNotTheChoosenAdapter FoundDriverCount:0 
[2018.07.03-02.00.06:019][  0]LogD3D11RHI:     Adapter Name: NVIDIA GeForce GTX 660
[2018.07.03-02.00.06:020][  0]LogD3D11RHI:   Driver Version: Unknown (internal:Unknown, unified:Unknown)
[2018.07.03-02.00.06:020][  0]LogD3D11RHI:      Driver Date: Unknown
[2018.07.03-02.00.06:020][  0]LogRHI: Texture pool is 1054 MB (70% of 1506 MB)
[2018.07.03-02.00.06:539][  0]LogD3D11RHI: [Aftermath] Aftermath enabled but failed to initialize
[2018.07.03-02.00.06:540][  0]LogD3D11RHI: [Aftermath] Aftermath enabled and primed
[2018.07.03-02.00.06:540][  0]LogD3D11RHI: Async texture creation enabled
[2018.07.03-02.00.09:046][  0]LogD3D11RHI: GPU Timing Frequency: 1000.000000 (Debug: 2 11)
[2018.07.03-02.00.09:508][  0]LogShaderCompilers: Guid format shader working directory is -34 characters bigger than the processId version (../../../../../../Users/graham/Desktop/GitStuff/Boxing/BoxingMobileGame/MyProject/Intermediate/Shaders/WorkingDirectory/7840/).
[2018.07.03-02.00.09:517][  0]LogShaderCompilers: Cleaned the shader compiler working directory 'C:/Users/graham/AppData/Local/Temp/UnrealShaderWorkingDir/E5AEBCA242F03DE1D0730689E3F9BE5A/'.
[2018.07.03-02.00.12:721][  0]LogTemp: Display: Loaded TP AllDesktopTargetPlatform
[2018.07.03-02.00.12:740][  0]LogTemp: Display: Loaded TP MacClientTargetPlatform
[2018.07.03-02.00.12:761][  0]LogTemp: Display: Loaded TP MacNoEditorTargetPlatform
[2018.07.03-02.00.12:782][  0]LogTemp: Display: Loaded TP MacServerTargetPlatform
[2018.07.03-02.00.12:860][  0]LogTemp: Display: Loaded TP MacTargetPlatform
[2018.07.03-02.00.12:883][  0]LogTemp: Display: Loaded TP WindowsClientTargetPlatform
[2018.07.03-02.00.12:902][  0]LogTemp: Display: Loaded TP WindowsNoEditorTargetPlatform
[2018.07.03-02.00.12:921][  0]LogTemp: Display: Loaded TP WindowsServerTargetPlatform
[2018.07.03-02.00.12:932][  0]LogTemp: Display: Loaded TP WindowsTargetPlatform
[2018.07.03-02.00.12:950][  0]LogTemp: Display: Loaded TP Android_ASTCTargetPlatform
[2018.07.03-02.00.12:967][  0]LogTemp: Display: Loaded TP Android_ATCTargetPlatform
[2018.07.03-02.00.12:985][  0]LogTemp: Display: Loaded TP Android_DXTTargetPlatform
[2018.07.03-02.00.13:003][  0]LogTemp: Display: Loaded TP Android_ETC1aTargetPlatform
[2018.07.03-02.00.13:021][  0]LogTemp: Display: Loaded TP Android_ETC1TargetPlatform
[2018.07.03-02.00.13:037][  0]LogTemp: Display: Loaded TP Android_ETC2TargetPlatform
[2018.07.03-02.00.13:077][  0]LogTemp: Display: Loaded TP Android_MultiTargetPlatform
[2018.07.03-02.00.13:079][  0]LogTemp: Display: Loaded TP Android_PVRTCTargetPlatform
[2018.07.03-02.00.13:137][  0]LogTemp: Display: Loaded TP AndroidTargetPlatform
[2018.07.03-02.00.13:140][  0]LogTemp: Display: Loaded TP HTML5TargetPlatform
[2018.07.03-02.00.13:342][  0]LogTemp: Display: Loaded TP IOSTargetPlatform
[2018.07.03-02.00.13:369][  0]LogTemp: Display: Loaded TP TVOSTargetPlatform
[2018.07.03-02.00.13:386][  0]LogTemp: Display: Loaded TP LinuxClientTargetPlatform
[2018.07.03-02.00.13:406][  0]LogTemp: Display: Loaded TP LinuxNoEditorTargetPlatform
[2018.07.03-02.00.13:424][  0]LogTemp: Display: Loaded TP LinuxServerTargetPlatform
[2018.07.03-02.00.13:467][  0]LogTemp: Display: Loaded TP LinuxTargetPlatform
[2018.07.03-02.00.13:467][  0]LogTargetPlatformManager: Display: Building Assets For Windows
[2018.07.03-02.00.15:832][  0]LogXGEController: Cleaning working directory: C:/Users/graham/AppData/Local/Temp/UnrealXGEWorkingDir/
[2018.07.03-02.00.15:833][  0]LogXGEController: Cannot use XGE Controller as Incredibuild is not installed on this machine.
[2018.07.03-02.00.15:855][  0]LogShaderCompilers: Cannot use XGE Shader Compiler as Incredibuild is not installed on this machine.
[2018.07.03-02.00.15:855][  0]LogShaderCompilers: Display: Using Local Shader Compiler.
[2018.07.03-02.00.26:323][  0]LogDerivedDataCache: Display: Max Cache Size: 512 MB
[2018.07.03-02.00.42:534][  0]LogDerivedDataCache: Loaded boot cache 16.19s 75MB C:/Users/graham/AppData/Local/UnrealEngine/4.19/DerivedDataCache/Boot.ddc.
[2018.07.03-02.00.42:534][  0]LogDerivedDataCache: Display: Loaded Boot cache: C:/Users/graham/AppData/Local/UnrealEngine/4.19/DerivedDataCache/Boot.ddc
[2018.07.03-02.00.42:567][  0]LogDerivedDataCache: FDerivedDataBackendGraph:  Pak pak cache file ../../../../../../Users/graham/Desktop/GitStuff/Boxing/BoxingMobileGame/MyProject/DerivedDataCache/DDC.ddp not found, will not use a pak cache.
[2018.07.03-02.00.42:568][  0]LogDerivedDataCache: Unable to find inner node Pak for hierarchical cache Hierarchy.
[2018.07.03-02.00.42:568][  0]LogDerivedDataCache: FDerivedDataBackendGraph:  CompressedPak pak cache file ../../../../../../Users/graham/Desktop/GitStuff/Boxing/BoxingMobileGame/MyProject/DerivedDataCache/Compressed.ddp not found, will not use a pak cache.
[2018.07.03-02.00.42:568][  0]LogDerivedDataCache: Unable to find inner node CompressedPak for hierarchical cache Hierarchy.
[2018.07.03-02.00.42:969][  0]LogDerivedDataCache: Display: Pak cache opened for reading ../../../Engine/DerivedDataCache/Compressed.ddp.
[2018.07.03-02.00.43:000][  0]LogDerivedDataCache: Using Local data cache path C:/Users/graham/AppData/Local/UnrealEngine/Common/DerivedDataCache: Writable
[2018.07.03-02.00.43:000][  0]LogDerivedDataCache: Shared data cache path not found in *engine.ini, will not use an Shared cache.
[2018.07.03-02.00.43:000][  0]LogDerivedDataCache: Unable to find inner node Shared for hierarchical cache Hierarchy.
[2018.07.03-02.00.43:281][  0]LogMaterial: Verifying Global Shaders for PCD3D_SM5
[2018.07.03-02.00.43:522][  0]LogSlate: Using Freetype 2.6.0
[2018.07.03-02.00.43:785][  0]LogSlate: SlateFontCache - WITH_FREETYPE: 1, WITH_HARFBUZZ: 1
[2018.07.03-02.00.43:785][  0]LogSlate: SlateFontCache - WITH_FREETYPE: 1, WITH_HARFBUZZ: 1
[2018.07.03-02.01.13:802][  0]LogAssetRegistry: FAssetRegistry took 0.0777 seconds to start up
[2018.07.03-02.01.25:548][  0]LogInit: Selected Device Profile: [Windows]
[2018.07.03-02.01.30:166][  0]LogSimplygon: Simplygon DLL not present - disabling.
[2018.07.03-02.01.30:372][  0]LogMeshReduction: Using SimplygonSwarm for distributed automatic mesh merging
[2018.07.03-02.01.30:373][  0]LogMeshReduction: Using QuadricMeshReduction for automatic static mesh reduction
[2018.07.03-02.01.30:373][  0]LogMeshReduction: No automatic skeletal mesh reduction module available
[2018.07.03-02.01.30:373][  0]LogMeshReduction: No automatic mesh merging module available
[2018.07.03-02.01.30:373][  0]LogMeshMerging: No automatic mesh merging module available
[2018.07.03-02.01.31:436][  0]LogNetVersion: MyProject , NetCL: 3944462, EngineNetVer: 2, GameNetVer: 0 (Checksum: 2475486345)
[2018.07.03-02.01.50:763][  0]LogPackageLocalizationCache: Processed 9 localized package path(s) for 2 prioritized culture(s) in 0.478448 seconds
[2018.07.03-02.01.50:938][  0]LogUObjectArray: 36728 objects as part of root set at end of initial load.
[2018.07.03-02.01.50:938][  0]LogUObjectAllocator: 7314304 out of 0 bytes used by permanent object pool.
[2018.07.03-02.01.50:938][  0]LogUObjectArray: CloseDisregardForGC: 0/0 objects in disregard for GC pool
[2018.07.03-02.03.24:611][  0]LogTcpMessaging: Initializing TcpMessaging bridge
[2018.07.03-02.03.24:772][  0]LogUdpMessaging: Initializing bridge on interface 0.0.0.0:0 to multicast group 230.0.0.1:6666.
[2018.07.03-02.03.29:542][  0]LogUObjectGlobals: Created PersistentFrame Addr=0x0000022410407790, Size=72, Default__ThirdPerson_AnimBP_C Function /Game/Mannequin/Animations/ThirdPerson_AnimBP.ThirdPerson_AnimBP_C:ExecuteUbergraph_ThirdPerson_AnimBP
[2018.07.03-02.03.30:260][  0]LogUObjectGlobals: Destroyed PersistentFrame Addr=0x0000022410407790, Size=72
[2018.07.03-02.03.30:260][  0]LogUObjectGlobals: Created PersistentFrame Addr=0x00000224103a6a70, Size=72, Default__ThirdPerson_AnimBP_C Function /Engine/Transient.REINST_ThirdPerson_AnimBP_C_0:ExecuteUbergraph_ThirdPerson_AnimBP
[2018.07.03-02.03.30:693][  0]LogUObjectGlobals: Created PersistentFrame Addr=0x00000224103476a0, Size=72, Default__ThirdPerson_AnimBP_C Function /Game/Mannequin/Animations/ThirdPerson_AnimBP.ThirdPerson_AnimBP_C:ExecuteUbergraph_ThirdPerson_AnimBP
[2018.07.03-02.03.32:887][  0]LogSkeletalMesh: Skeletal Mesh found in DDC [21.116859ms] /Game/Mannequin/Character/Mesh/SK_Mannequin.SK_Mannequin
[2018.07.03-02.03.37:219][  0]SourceControl: Source control is disabled
[2018.07.03-02.03.37:219][  0]SourceControl: Source control is disabled
[2018.07.03-02.03.37:574][  0]SourceControl: Source control is disabled
[2018.07.03-02.03.37:717][  0]SourceControl: Source control is disabled
[2018.07.03-02.03.42:743][  0]LogAndroidPermission: UAndroidPermissionCallbackProxy::GetInstance
[2018.07.03-02.03.43:944][  0]LogOcInput: OculusInput pre-init called
[2018.07.03-02.03.47:405][  0]LogEngine: Initializing Engine...
[2018.07.03-02.03.57:080][  0]LogHMD: Failed to initialize OpenVR with code 108
[2018.07.03-02.03.57:194][  0]LogStats: UGameplayTagsManager::ConstructGameplayTagTree: Construct from data asset -  0.000 s
[2018.07.03-02.03.57:210][  0]LogStats: UGameplayTagsManager::ConstructGameplayTagTree: GameplayTagTreeChangedEvent.Broadcast -  0.001 s
[2018.07.03-02.04.03:234][  0]LogAIModule: Creating AISystem for world Untitled
[2018.07.03-02.04.04:215][  0]LogInit: XAudio2 using 'Speakers / Headphones (Realtek High Definition Audio)' : 2 channels at 48 kHz using 32 bits per sample (channel mask 0x3)
[2018.07.03-02.04.04:348][  0]LogInit: FAudioDevice initialized.
[2018.07.03-02.04.04:969][  0]LogDerivedDataCache: Saved boot cache 0.57s 75MB C:/Users/graham/AppData/Local/UnrealEngine/4.19/DerivedDataCache/Boot.ddc.
[2018.07.03-02.04.04:991][  0]LogInit: Texture streaming: Enabled
[2018.07.03-02.04.05:690][  0]LogEngineSessionManager: EngineSessionManager initialized
[2018.07.03-02.04.08:038][  0]LogInit: Transaction tracking system initialized
[2018.07.03-02.04.10:261][  0]BlueprintLog: New page: Editor Load
[2018.07.03-02.04.16:418][  0]LocalizationService: Localization service is disabled
[2018.07.03-02.04.19:930][  0]LogConsoleResponse: Display: 
[2018.07.03-02.04.25:277][  0]LogFileCache: Scanning file cache for directory 'C:/Users/graham/Desktop/GitStuff/Boxing/BoxingMobileGame/MyProject/Content/' took 0.08s
[2018.07.03-02.04.25:277][  0]LogCook: Display: Max memory allowance for cook 16384mb min free memory 0mb
[2018.07.03-02.04.25:277][  0]LogCook: Display: Mobile HDR setting 1
[2018.07.03-02.04.25:306][  0]LogGameplayTags: Display: UGameplayTagsManager::DoneAddingNativeTags. DelegateIsBound: 0
[2018.07.03-02.04.25:338][  0]LogStats: UGameplayTagsManager::ConstructGameplayTagTree: Construct from data asset -  0.000 s
[2018.07.03-02.04.25:338][  0]LogStats: UGameplayTagsManager::ConstructGameplayTagTree: GameplayTagTreeChangedEvent.Broadcast -  0.000 s
[2018.07.03-02.04.31:201][  0]SourceControl: Source control is disabled
[2018.07.03-02.04.31:286][  0]Cmd: MAP LOAD FILE="../../../../../../Users/graham/Desktop/GitStuff/Boxing/BoxingMobileGame/MyProject/Content/SideScrollerCPP/Maps/SideScrollerExampleMap.umap" TEMPLATE=0 SHOWPROGRESS=1 FEATURELEVEL=3
[2018.07.03-02.04.31:439][  0]LightingResults: New page: Lighting Build
[2018.07.03-02.04.32:056][  0]MapCheck: New page: Map Check
[2018.07.03-02.04.32:056][  0]LightingResults: New page: Lighting Build
[2018.07.03-02.04.32:471][  0]LogUObjectGlobals: Destroyed PersistentFrame Addr=0x00000224103a6a70, Size=72
[2018.07.03-02.04.39:212][  0]LogAIModule: Creating AISystem for world SideScrollerExampleMap
[2018.07.03-02.04.40:778][  0]LogEditorServer: Finished looking for orphan Actors (0.000 secs)
[2018.07.03-02.04.41:013][  0]Cmd: MAP CHECKDEP NOCLEARLOG
[2018.07.03-02.04.41:110][  0]MapCheck: Map check complete: 0 Error(s), 0 Warning(s), took 96.952ms to complete.
[2018.07.03-02.04.41:110][  0]LogFileHelpers: Loading map 'SideScrollerExampleMap' took 9.831
[2018.07.03-02.04.44:060][  0]LogCollectionManager: Loaded 0 collections in 0.002361 seconds
[2018.07.03-02.04.44:524][  0]LogFileCache: Scanning file cache for directory 'C:/Users/graham/Desktop/GitStuff/Boxing/BoxingMobileGame/MyProject/Saved/Collections/' took 0.01s
[2018.07.03-02.04.44:524][  0]LogFileCache: Scanning file cache for directory 'C:/Users/graham/Desktop/GitStuff/Boxing/BoxingMobileGame/MyProject/Content/Developers/graham/Collections/' took 0.01s
[2018.07.03-02.04.44:524][  0]LogFileCache: Scanning file cache for directory 'C:/Users/graham/Desktop/GitStuff/Boxing/BoxingMobileGame/MyProject/Content/Collections/' took 0.01s
[2018.07.03-02.04.44:524][  0]LogCollectionManager: Rebuilt the GUID cache for 0 collections in 0.000001 seconds
[2018.07.03-02.04.44:614][  0]LogContentBrowser: Native class hierarchy populated in 0.0590 seconds. Added 2454 classes and 560 folders.
[2018.07.03-02.04.45:088][  0]LogContentBrowser: Native class hierarchy updated for 'WidgetCarousel' in 0.0010 seconds. Added 0 classes and 0 folders.
[2018.07.03-02.04.48:051][  0]LogContentBrowser: Native class hierarchy updated for 'AddContentDialog' in 0.0009 seconds. Added 0 classes and 0 folders.
[2018.07.03-02.04.48:358][  0]LogContentBrowser: Native class hierarchy updated for 'SceneOutliner' in 0.0013 seconds. Added 1 classes and 2 folders.
[2018.07.03-02.04.50:107][  0]LogSlate: Took 0.031501 seconds to synchronously load lazily loaded font '../../../Engine/Content/Slate/Fonts/Roboto-Regular.ttf' (155K)
[2018.07.03-02.04.50:195][  0]LogSlate: Took 0.045913 seconds to synchronously load lazily loaded font '../../../Engine/Content/Slate/Fonts/Roboto-Bold.ttf' (160K)
[2018.07.03-02.04.50:347][  0]LogSlate: Took 0.035738 seconds to synchronously load lazily loaded font '../../../Engine/Content/Editor/Slate/Fonts/FontAwesome.ttf' (139K)
[2018.07.03-02.04.51:920][  0]LogRenderer: Reallocating scene render targets to support 1208x576 Format 10 NumSamples 1 (Frame:1).
[2018.07.03-02.05.03:019][  0]LogContentBrowser: Native class hierarchy updated for 'HierarchicalLODOutliner' in 0.0009 seconds. Added 0 classes and 0 folders.
[2018.07.03-02.05.03:020][  0]LogLoad: (Engine Initialization) Total time: 393.42 seconds
[2018.07.03-02.05.03:020][  0]LogLoad: (Engine Initialization) Total Blueprint compile time: 0.00 seconds
[2018.07.03-02.05.04:131][  0]LogSlate: FSceneViewport::OnFocusLost() reason 0
[2018.07.03-02.05.06:367][  0]LogStreaming: Warning: Took 537.55ms to ProcessLoadedPackages
[2018.07.03-02.05.09:507][  0]LogContentStreaming: Texture pool size now 1000 MB
[2018.07.03-02.05.10:197][  0]LogSlate: Took 0.109320 seconds to synchronously load lazily loaded font '../../../Engine/Content/Slate/Fonts/Roboto-Light.ttf' (167K)
[2018.07.03-02.05.11:374][  2]LogAssetRegistry: Asset discovery search completed in 237.6247 seconds
[2018.07.03-02.05.11:377][  2]LogCollectionManager: Rebuilt the object cache for 0 collections in 0.000000 seconds (found 0 objects)
[2018.07.03-02.05.11:377][  2]LogCollectionManager: Fixed up redirectors for 0 collections in 0.000145 seconds (updated 0 objects)
[2018.07.03-02.05.17:448][639]LogWindows: Warning: CreateProc failed: The system cannot find the file specified. (0x00000002)
[2018.07.03-02.05.17:448][639]LogWindows: Warning: URL: C:/Program Files/Git/bin/git.exe version
[2018.07.03-02.05.17:448][639]LogWindows: Warning: CreateProc failed: The system cannot find the file specified. (0x00000002)
[2018.07.03-02.05.17:448][639]LogWindows: Warning: URL: C:/Program Files (x86)/Git/bin/git.exe version
[2018.07.03-02.05.17:476][639]LogWindows: Warning: CreateProc failed: The system cannot find the file specified. (0x00000002)
[2018.07.03-02.05.17:476][639]LogWindows: Warning: URL: C:\Users\graham\AppData\Local/Programs/Git/cmd/git.exe version
[2018.07.03-02.05.17:476][639]LogWindows: Warning: CreateProc failed: The system cannot find the file specified. (0x00000002)
[2018.07.03-02.05.17:476][639]LogWindows: Warning: URL: C:/Program Files (x86)/SmartGit/git/bin/git.exe version
[2018.07.03-02.05.17:477][639]LogWindows: Warning: CreateProc failed: The system cannot find the file specified. (0x00000002)
[2018.07.03-02.05.17:477][639]LogWindows: Warning: URL: C:/Program Files (x86)/SmartGit/bin/git.exe version
[2018.07.03-02.05.17:477][639]LogWindows: Warning: CreateProc failed: The system cannot find the file specified. (0x00000002)
[2018.07.03-02.05.17:477][639]LogWindows: Warning: URL: C:\Users\graham\AppData\Local/Atlassian/SourceTree/git_local/bin/git.exe version
[2018.07.03-02.05.17:478][639]LogWindows: Warning: CreateProc failed: The system cannot find the file specified. (0x00000002)
[2018.07.03-02.05.17:478][639]LogWindows: Warning: URL: C:/Program Files (x86)/fournova/Tower/vendor/Git/bin/git.exe version
[2018.07.03-02.06.10:081][570]LogWindows: Warning: CreateProc failed: Access is denied. (0x00000005)
[2018.07.03-02.06.10:082][570]LogWindows: Warning: URL: C:\Users\graham\Desktop\GitStuff\Boxing\BoxingMobileGame version
[2018.07.03-02.06.13:126][931]LogWindows: Warning: CreateProc failed: Access is denied. (0x00000005)
[2018.07.03-02.06.13:126][931]LogWindows: Warning: URL: C:\Users\graham\Desktop\GitStuff\Boxing\BoxingMobileGame version
[2018.07.03-02.06.13:126][931]SourceControl: Error: Failed to enable Git source control. You need to install Git and specify a valid path to git executable.
[2018.07.03-02.06.22:396][  6]LogSlate: Window 'Message Log' being destroyed
[2018.07.03-02.06.22:398][  6]LogSlate: Window 'Message Log' being destroyed
[2018.07.03-02.06.29:765][858]SourceControl: Source control is disabled
[2018.07.03-02.06.29:765][858]LogSlate: Window 'Source Control Login' being destroyed
[2018.07.03-02.06.36:034][605]LogWindows: Warning: CreateProc failed: Access is denied. (0x00000005)
[2018.07.03-02.06.36:034][605]LogWindows: Warning: URL: C:\Users\graham\Desktop\GitStuff\Boxing\BoxingMobileGame version
[2018.07.03-02.06.47:810][275]LogWindows: Warning: CreateProc failed: The system cannot find the file specified. (0x00000002)
[2018.07.03-02.06.47:810][275]LogWindows: Warning: URL: https://github.com/GrahamPark-personal/BoxingMobileGame.git version
[2018.07.03-02.06.49:119][432]LogWindows: Warning: CreateProc failed: The system cannot find the file specified. (0x00000002)
[2018.07.03-02.06.49:119][432]LogWindows: Warning: URL: https://github.com/GrahamPark-personal/BoxingMobileGame.git version
[2018.07.03-02.06.49:119][432]SourceControl: Error: Failed to enable Git source control. You need to install Git and specify a valid path to git executable.
[2018.07.03-02.06.55:301][167]SourceControl: Source control is disabled
[2018.07.03-02.06.55:301][167]LogSlate: Window 'Source Control Login' being destroyed
[2018.07.03-02.07.08:033][591]LogUObjectGlobals: Created PersistentFrame Addr=0x000002247bf62a40, Size=88, Default__Landscape_Painting_Mode_C Function /Engine/Tutorial/Landscape/Landscape_Painting_Mode.Landscape_Painting_Mode_C:ExecuteUbergraph_Landscape_Painting_Mode
[2018.07.03-02.07.08:056][591]LogUObjectGlobals: Destroyed PersistentFrame Addr=0x000002247bf62a40, Size=88
[2018.07.03-02.07.08:056][591]LogUObjectGlobals: Created PersistentFrame Addr=0x000002247bf62a40, Size=88, Default__Landscape_Painting_Mode_C Function /Engine/Transient.REINST_Landscape_Painting_Mode_C_8:ExecuteUbergraph_Landscape_Painting_Mode
[2018.07.03-02.07.08:085][591]LogUObjectGlobals: Created PersistentFrame Addr=0x000002247bebbbf0, Size=80, Default__Landscape_Painting_Mode_C Function /Engine/Tutorial/Landscape/Landscape_Painting_Mode.Landscape_Painting_Mode_C:ExecuteUbergraph_Landscape_Painting_Mode
[2018.07.03-02.07.08:107][591]LogUObjectGlobals: Created PersistentFrame Addr=0x0000022415833fa0, Size=88, Default__Landscape_Sculpt_Mode_C Function /Engine/Tutorial/Landscape/Landscape_Sculpt_Mode.Landscape_Sculpt_Mode_C:ExecuteUbergraph_Landscape_Sculpt_Mode
[2018.07.03-02.07.08:111][591]LogUObjectGlobals: Destroyed PersistentFrame Addr=0x0000022415833fa0, Size=88
[2018.07.03-02.07.08:111][591]LogUObjectGlobals: Created PersistentFrame Addr=0x0000022415833fa0, Size=88, Default__Landscape_Sculpt_Mode_C Function /Engine/Transient.REINST_Landscape_Sculpt_Mode_C_10:ExecuteUbergraph_Landscape_Sculpt_Mode
[2018.07.03-02.07.08:114][591]LogUObjectGlobals: Created PersistentFrame Addr=0x00000224157df6f0, Size=80, Default__Landscape_Sculpt_Mode_C Function /Engine/Tutorial/Landscape/Landscape_Sculpt_Mode.Landscape_Sculpt_Mode_C:ExecuteUbergraph_Landscape_Sculpt_Mode
[2018.07.03-02.07.08:174][591]LogUObjectGlobals: Created PersistentFrame Addr=0x00000224371a0a00, Size=64, Default__CreatingSigningCertAndProvisionTutorial_C Function /Engine/Tutorial/Mobile/CreatingSigningCertAndProvisionTutorial.CreatingSigningCertAndProvisionTutorial_C:ExecuteUbergraph_CreatingSigningCertAndProvisionTutorial
[2018.07.03-02.07.08:206][591]LogUObjectGlobals: Destroyed PersistentFrame Addr=0x00000224371a0a00, Size=64
[2018.07.03-02.07.08:206][591]LogUObjectGlobals: Created PersistentFrame Addr=0x00000224371a3c00, Size=64, Default__CreatingSigningCertAndProvisionTutorial_C Function /Engine/Transient.REINST_CreatingSigningCertAndProvisionTutorial_C_12:ExecuteUbergraph_CreatingSigningCertAndProvisionTutorial
[2018.07.03-02.07.08:210][591]LogUObjectGlobals: Created PersistentFrame Addr=0x0000022415773300, Size=64, Default__CreatingSigningCertAndProvisionTutorial_C Function /Engine/Tutorial/Mobile/CreatingSigningCertAndProvisionTutorial.CreatingSigningCertAndProvisionTutorial_C:ExecuteUbergraph_CreatingSigningCertAndProvisionTutorial
[2018.07.03-02.07.08:517][591]LogSlate: Window 'Tutorials' being destroyed
[2018.07.03-02.07.11:072][893]LogUObjectGlobals: Warning: Failed to find object 'Object /Script/MyProject.TP_SideScrollerCharacter'
[2018.07.03-02.07.30:713][230]LogLinker: Warning: Can't find file '/Game/SideScroller/Character/SideScrollerAnimBlueprint'
[2018.07.03-02.07.30:713][230]LogLinker: Warning: Can't find file '/Game/SideScroller/Character/SideScrollerAnimBlueprint'
[2018.07.03-02.07.30:713][230]LogUObjectGlobals: Warning: Failed to find object 'Object /Game/SideScroller/Character/SideScrollerAnimBlueprint.SideScrollerAnimBlueprint'
[2018.07.03-02.07.33:732][590]LogLinker: Warning: Can't find file '/Game/SideScroller/Character/SideScrollerSkeletalMesh'
[2018.07.03-02.07.33:732][590]LogLinker: Warning: Can't find file '/Game/SideScroller/Character/SideScrollerSkeletalMesh'
[2018.07.03-02.07.33:732][590]LogUObjectGlobals: Warning: Failed to find object 'Object /Game/SideScroller/Character/SideScrollerSkeletalMesh.SideScrollerSkeletalMesh'
[2018.07.03-02.07.34:754][711]LogLinker: Warning: Can't find file '/Game/SideScroller/Character/SideScrollerSkeleton'
[2018.07.03-02.07.34:755][711]LogLinker: Warning: Can't find file '/Game/SideScroller/Character/SideScrollerSkeleton'
[2018.07.03-02.07.34:755][711]LogUObjectGlobals: Warning: Failed to find object 'Object /Game/SideScroller/Character/SideScrollerSkeleton.SideScrollerSkeleton'
[2018.07.03-02.07.35:542][804]LogLinker: Warning: Can't find file '/Game/SideScroller/Animations/SideScrollerIdle'
[2018.07.03-02.07.35:542][804]LogLinker: Warning: Can't find file '/Game/SideScroller/Animations/SideScrollerIdle'
[2018.07.03-02.07.35:542][804]LogUObjectGlobals: Warning: Failed to find object 'Object /Game/SideScroller/Animations/SideScrollerIdle.SideScrollerIdle'
[2018.07.03-02.07.36:247][883]LogEditorViewport: Clicking on Actor (LMB): StaticMeshActor (Floor)
[2018.07.03-02.07.37:893][935]LogSlate: FSceneViewport::OnFocusLost() reason 0
[2018.07.03-02.07.38:002][947]LogLinker: Warning: Can't find file '/Game/SideScroller/Meshes/CubeMesh'
[2018.07.03-02.07.38:003][947]LogLinker: Warning: Can't find file '/Game/SideScroller/Meshes/CubeMesh'
[2018.07.03-02.07.38:003][947]LogUObjectGlobals: Warning: Failed to find object 'Object /Game/SideScroller/Meshes/CubeMesh.CubeMesh'
[2018.07.03-02.07.42:824][420]LogSlate: Window 'Tutorials' being destroyed
[2018.07.03-02.07.42:828][420]LogSlate: Window 'Tutorials' being destroyed
[2018.07.03-02.07.51:704][365]LogUObjectGlobals: Destroyed PersistentFrame Addr=0x00000224371a3c00, Size=64
[2018.07.03-02.07.51:704][365]LogUObjectGlobals: Destroyed PersistentFrame Addr=0x0000022415833fa0, Size=88
[2018.07.03-02.07.51:704][365]LogUObjectGlobals: Destroyed PersistentFrame Addr=0x000002247bf62a40, Size=88
[2018.07.03-02.07.52:981][365]LogSlate: Window 'Delete Assets' being destroyed
[2018.07.03-02.07.53:161][365]LogSlate: Took 0.013852 seconds to synchronously load lazily loaded font '../../../Engine/Content/Slate/Fonts/Roboto-Light.ttf' (167K)
[2018.07.03-02.08.12:290][368]LogEditorViewport: Clicking on Actor (LMB): SideScrollerCharacter_C (SideScrollerCharacter)
[2018.07.03-02.08.26:781][564]LogEditorViewport: Clicking on Actor (LMB): StaticMeshActor (Ledge6)
[2018.07.03-02.08.27:917][663]Cmd: DELETE
[2018.07.03-02.08.27:917][663]Cmd: ACTOR DELETE
[2018.07.03-02.08.28:298][663]LogEditorActor: Deleted Actor: StaticMeshActor
[2018.07.03-02.08.28:385][663]LogEditorActor: Deleted 1 Actors (0.218 secs)
[2018.07.03-02.08.28:787][709]LogEditorViewport: Clicking on Actor (LMB): StaticMeshActor (Ledge5)
[2018.07.03-02.08.29:158][742]Cmd: DELETE
[2018.07.03-02.08.29:158][742]Cmd: ACTOR DELETE
[2018.07.03-02.08.29:160][742]LogEditorActor: Deleted Actor: StaticMeshActor
[2018.07.03-02.08.29:170][742]LogEditorActor: Deleted 1 Actors (0.012 secs)
[2018.07.03-02.08.30:262][872]LogEditorViewport: Clicking on Actor (LMB): StaticMeshActor (Ledge8)
[2018.07.03-02.08.30:534][894]Cmd: DELETE
[2018.07.03-02.08.30:534][894]Cmd: ACTOR DELETE
[2018.07.03-02.08.30:536][894]LogEditorActor: Deleted Actor: StaticMeshActor
[2018.07.03-02.08.30:546][894]LogEditorActor: Deleted 1 Actors (0.012 secs)
[2018.07.03-02.08.31:522][ 10]LogEditorViewport: Clicking on Actor (LMB): StaticMeshActor (Ledge9)
[2018.07.03-02.08.31:700][ 21]Cmd: DELETE
[2018.07.03-02.08.31:700][ 21]Cmd: ACTOR DELETE
[2018.07.03-02.08.31:702][ 21]LogEditorActor: Deleted Actor: StaticMeshActor
[2018.07.03-02.08.31:712][ 21]LogEditorActor: Deleted 1 Actors (0.012 secs)
[2018.07.03-02.08.32:004][ 55]LogEditorViewport: Clicking on Actor (LMB): StaticMeshActor (Ledge4)
[2018.07.03-02.08.32:113][ 59]Cmd: DELETE
[2018.07.03-02.08.32:114][ 59]Cmd: ACTOR DELETE
[2018.07.03-02.08.32:115][ 59]LogEditorActor: Deleted Actor: StaticMeshActor
[2018.07.03-02.08.32:126][ 59]LogEditorActor: Deleted 1 Actors (0.012 secs)
[2018.07.03-02.08.32:452][ 97]LogEditorViewport: Clicking on Actor (LMB): StaticMeshActor (Ledge3)
[2018.07.03-02.08.32:531][ 98]Cmd: DELETE
[2018.07.03-02.08.32:531][ 98]Cmd: ACTOR DELETE
[2018.07.03-02.08.32:533][ 98]LogEditorActor: Deleted Actor: StaticMeshActor
[2018.07.03-02.08.32:543][ 98]LogEditorActor: Deleted 1 Actors (0.012 secs)
[2018.07.03-02.08.32:929][143]LogEditorViewport: Clicking on Actor (LMB): StaticMeshActor (Ledge1)
[2018.07.03-02.08.33:058][149]Cmd: DELETE
[2018.07.03-02.08.33:058][149]Cmd: ACTOR DELETE
[2018.07.03-02.08.33:060][149]LogEditorActor: Deleted Actor: StaticMeshActor
[2018.07.03-02.08.33:071][149]LogEditorActor: Deleted 1 Actors (0.012 secs)
[2018.07.03-02.08.33:429][191]LogEditorViewport: Clicking on Actor (LMB): StaticMeshActor (Ledge2)
[2018.07.03-02.08.33:518][193]Cmd: DELETE
[2018.07.03-02.08.33:518][193]Cmd: ACTOR DELETE
[2018.07.03-02.08.33:520][193]LogEditorActor: Deleted Actor: StaticMeshActor
[2018.07.03-02.08.33:530][193]LogEditorActor: Deleted 1 Actors (0.012 secs)
[2018.07.03-02.08.34:940][361]LogEditorViewport: Clicking on Actor (LMB): StaticMeshActor (Ledge7)
[2018.07.03-02.08.36:041][475]LogEditorViewport: Clicking on Actor (LMB): StaticMeshActor (Floor)
[2018.07.03-02.08.37:323][609]LogEditorViewport: Clicking on Actor (LMB): StaticMeshActor (Pillar1)
[2018.07.03-02.08.38:000][676]Cmd: DELETE
[2018.07.03-02.08.38:001][676]Cmd: ACTOR DELETE
[2018.07.03-02.08.38:002][676]LogEditorActor: Deleted Actor: StaticMeshActor
[2018.07.03-02.08.38:013][676]LogEditorActor: Deleted 1 Actors (0.012 secs)
[2018.07.03-02.08.39:181][812]LogEditorViewport: Clicking on Actor (LMB): StaticMeshActor (Pillar2)
[2018.07.03-02.08.39:380][826]Cmd: DELETE
[2018.07.03-02.08.39:380][826]Cmd: ACTOR DELETE
[2018.07.03-02.08.39:383][826]LogEditorActor: Deleted Actor: StaticMeshActor
[2018.07.03-02.08.39:394][826]LogEditorActor: Deleted 1 Actors (0.013 secs)
[2018.07.03-02.08.41:292][ 51]LogEditorViewport: Clicking on Actor (LMB): StaticMeshActor (Ledge7)
[2018.07.03-02.09.01:053][163]LogEditorViewport: Clicking on Actor (LMB): SideScrollerCharacter_C (SideScrollerCharacter)
[2018.07.03-02.09.04:889][439]LogEditorViewport: Clicking on Actor (LMB): TextRenderActor (TemplateLabel)
[2018.07.03-02.09.06:002][526]Cmd: DELETE
[2018.07.03-02.09.06:002][526]Cmd: ACTOR DELETE
[2018.07.03-02.09.06:005][526]LogEditorActor: Deleted Actor: TextRenderActor
[2018.07.03-02.09.06:017][526]LogEditorActor: Deleted 1 Actors (0.014 secs)
[2018.07.03-02.09.06:384][569]LogEditorViewport: Clicking on Actor (LMB): StaticMeshActor (Wall3)
[2018.07.03-02.09.09:862][916]LogEditorViewport: Clicking on Actor (LMB): BP_Sky_Sphere_C (SkySphereBlueprint)
[2018.07.03-02.09.10:560][972]LogEditorViewport: Clicking on Actor (LMB): LightmassImportanceVolume (LightmassImportanceVolume2)
[2018.07.03-02.09.11:342][ 42]LogEditorViewport: Clicking on Actor (LMB): LightmassImportanceVolume (LightmassImportanceVolume2)
[2018.07.03-02.09.12:050][122]LogEditorViewport: Clicking on Actor (LMB): LightmassImportanceVolume (LightmassImportanceVolume2)
[2018.07.03-02.09.14:619][388]LogEditorViewport: Clicking on Actor (LMB): SideScrollerCharacter_C (SideScrollerCharacter)
[2018.07.03-02.09.17:121][581]LogEditorViewport: Clicking on Actor (LMB): StaticMeshActor (Wall3)
[2018.07.03-02.09.24:762][387]LogEditorViewport: Clicking on Actor (LMB): StaticMeshActor (Wall1)
[2018.07.03-02.09.25:816][495]LogEditorViewport: Clicking on Actor (CTRL LMB): StaticMeshActor (Wall2)
[2018.07.03-02.09.31:386][ 57]LogEditorViewport: Clicking on Actor (LMB): StaticMeshActor (Floor)
[2018.07.03-02.09.32:058][ 98]LogEditorViewport: Clicking on Actor (LMB): SideScrollerCharacter_C (SideScrollerCharacter)
[2018.07.03-02.09.32:892][158]LogSlate: FSceneViewport::OnFocusLost() reason 0
[2018.07.03-02.09.36:891][416]LogSavePackage: Save=719.82ms
[2018.07.03-02.09.36:891][416]LogSavePackage: Moving '../../../../../../Users/graham/Desktop/GitStuff/Boxing/BoxingMobileGame/MyProject/Saved/SideScrollerExampleMapEF5D43264862DD59D6CD69AA26025F70.tmp' to '../../../../../../Users/graham/Desktop/GitStuff/Boxing/BoxingMobileGame/MyProject/Content/SideScrollerCPP/Maps/SideScrollerExampleMap.umap'
[2018.07.03-02.09.36:938][416]LogSavePackage: Display: Finished SavePackage ../../../../../../Users/graham/Desktop/GitStuff/Boxing/BoxingMobileGame/MyProject/Content/SideScrollerCPP/Maps/SideScrollerExampleMap.umap
[2018.07.03-02.09.37:025][416]LogFileHelpers: Saving map 'SideScrollerExampleMap' took 1.039
[2018.07.03-02.09.53:899][793]LogContentBrowser: Native class hierarchy updated for 'BlueprintGraph' in 0.0014 seconds. Added 116 classes and 0 folders.
[2018.07.03-02.09.54:564][793]LogUObjectGlobals: Created PersistentFrame Addr=0x000002247fd3c5f0, Size=4, Default__SKEL_PROTO_BP_AnimBlueprint_0_C Function /Engine/Transient.SKEL_PROTO_BP_AnimBlueprint_0_C:ExecuteUbergraph_PROTO_BP_AnimBlueprint_0
[2018.07.03-02.09.54:579][793]LogUObjectGlobals: Created PersistentFrame Addr=0x000002247fd3c5e8, Size=4, Default__PROTO_BP_AnimBlueprint_0_C Function /Engine/Transient.PROTO_BP_AnimBlueprint_0_C:ExecuteUbergraph_PROTO_BP_AnimBlueprint_0
[2018.07.03-02.09.59:384][991]LogClass: Warning: In asset 'None', there is an enum property of type 'EAnimationMode' with an invalid value of ''
[2018.07.03-02.09.59:384][991]LogClass: Warning: In asset 'None', there is an enum property of type 'EAnimationMode' with an invalid value of ''
[2018.07.03-02.09.59:384][991]LogClass: Warning: In asset 'None', there is an enum property of type 'EAnimationMode' with an invalid value of ''
[2018.07.03-02.10.17:119][199]LogSlate: Window 'SideScrollerCharacter' being destroyed
[2018.07.03-02.10.17:122][199]LogSlate: Window 'SideScrollerCharacter' being destroyed
[2018.07.03-02.10.40:666][886]LogEditorViewport: Clicking on Actor (LMB): StaticMeshActor (Ledge7)
[2018.07.03-02.10.42:892][ 61]LogSlate: FSceneViewport::OnFocusLost() reason 0
[2018.07.03-02.10.50:566][159]LogSlate: Window 'Material Baking Options' being destroyed
[2018.07.03-02.11.14:368][320]LogSlate: FSceneViewport::OnFocusLost() reason 0
[2018.07.03-02.11.19:075][731]LogSlate: FSceneViewport::OnFocusLost() reason 0
[2018.07.03-02.11.26:372][395]LogSlate: FSceneViewport::OnFocusLost() reason 2
[2018.07.03-02.11.26:595][395]LogSavePackage: Save=135.32ms
[2018.07.03-02.11.26:595][395]LogSavePackage: Moving '../../../../../../Users/graham/Desktop/GitStuff/Boxing/BoxingMobileGame/MyProject/Saved/SideScrollerExampleMap6D06D0E348D0DD6DB39DECAAC35A3C3F.tmp' to '../../../../../../Users/graham/Desktop/GitStuff/Boxing/BoxingMobileGame/MyProject/Content/SideScrollerCPP/Maps/SideScrollerExampleMap.umap'
[2018.07.03-02.11.26:599][395]LogSavePackage: Display: Finished SavePackage ../../../../../../Users/graham/Desktop/GitStuff/Boxing/BoxingMobileGame/MyProject/Content/SideScrollerCPP/Maps/SideScrollerExampleMap.umap
[2018.07.03-02.11.26:825][395]LogSavePackage: Save=168.89ms
[2018.07.03-02.11.26:826][395]LogSavePackage: Moving '../../../../../../Users/graham/Desktop/GitStuff/Boxing/BoxingMobileGame/MyProject/Saved/SideScrollerExampleMap_BuiltData2C42FC054EA54DDEF99F53885EBA0AD0.tmp' to '../../../../../../Users/graham/Desktop/GitStuff/Boxing/BoxingMobileGame/MyProject/Content/SideScrollerCPP/Maps/SideScrollerExampleMap_BuiltData.uasset'
[2018.07.03-02.11.26:828][395]LogSavePackage: Display: Finished SavePackage ../../../../../../Users/graham/Desktop/GitStuff/Boxing/BoxingMobileGame/MyProject/Content/SideScrollerCPP/Maps/SideScrollerExampleMap_BuiltData.uasset
[2018.07.03-02.11.27:730][477]LogTemp: Repeating last play command: Selected Viewport
[2018.07.03-02.11.27:795][477]LogBlueprintUserMessages: Early PlayInEditor Detection: Level '/Game/SideScrollerCPP/Maps/SideScrollerExampleMap.SideScrollerExampleMap:PersistentLevel' has LevelScriptBlueprint '/Game/SideScrollerCPP/Maps/SideScrollerExampleMap.SideScrollerExampleMap:PersistentLevel.SideScrollerExampleMap' with GeneratedClass '/Game/SideScrollerCPP/Maps/SideScrollerExampleMap.SideScrollerExampleMap_C' with ClassGeneratedBy '/Game/SideScrollerCPP/Maps/SideScrollerExampleMap.SideScrollerExampleMap:PersistentLevel.SideScrollerExampleMap'
[2018.07.03-02.11.27:825][477]LogPlayLevel: PlayLevel: No blueprints needed recompiling
[2018.07.03-02.11.27:941][477]PIE: New page: PIE session: SideScrollerExampleMap (Jul 2, 2018, 12:11:27 PM)
[2018.07.03-02.11.27:941][477]LogPlayLevel: Creating play world package: /Game/SideScrollerCPP/Maps/UEDPIE_0_SideScrollerExampleMap
[2018.07.03-02.11.28:041][477]LogPlayLevel: PIE: StaticDuplicateObject took: (0.099382s)
[2018.07.03-02.11.28:042][477]LogAIModule: Creating AISystem for world SideScrollerExampleMap
[2018.07.03-02.11.28:052][477]LogPlayLevel: PIE: World Init took: (0.011145s)
[2018.07.03-02.11.28:052][477]LogPlayLevel: PIE: Created PIE world by copying editor world from /Game/SideScrollerCPP/Maps/SideScrollerExampleMap.SideScrollerExampleMap to /Game/SideScrollerCPP/Maps/UEDPIE_0_SideScrollerExampleMap.SideScrollerExampleMap (0.110975s)
[2018.07.03-02.11.28:098][477]LogInit: XAudio2 using 'Speakers / Headphones (Realtek High Definition Audio)' : 2 channels at 48 kHz using 32 bits per sample (channel mask 0x3)
[2018.07.03-02.11.28:150][477]LogInit: FAudioDevice initialized.
[2018.07.03-02.11.28:218][477]LogLoad: Game class is 'MyProjectGameMode'
[2018.07.03-02.11.28:416][477]LogWorld: Bringing World /Game/SideScrollerCPP/Maps/UEDPIE_0_SideScrollerExampleMap.SideScrollerExampleMap up for play (max tick rate 0) at 2018.07.02-19.11.28
[2018.07.03-02.11.28:477][477]LogWorld: Bringing up level for play took: 0.083691
[2018.07.03-02.11.28:817][477]LogContentBrowser: Native class hierarchy updated for 'MovieSceneCapture' in 0.0010 seconds. Added 11 classes and 0 folders.
[2018.07.03-02.11.28:839][477]PIE: Play in editor start time for /Game/SideScrollerCPP/Maps/UEDPIE_0_SideScrollerExampleMap 1.203
[2018.07.03-02.11.28:839][477]LogBlueprintUserMessages: Late PlayInEditor Detection: Level '/Game/SideScrollerCPP/Maps/SideScrollerExampleMap.SideScrollerExampleMap:PersistentLevel' has LevelScriptBlueprint '/Game/SideScrollerCPP/Maps/SideScrollerExampleMap.SideScrollerExampleMap:PersistentLevel.SideScrollerExampleMap' with GeneratedClass '/Game/SideScrollerCPP/Maps/SideScrollerExampleMap.SideScrollerExampleMap_C' with ClassGeneratedBy '/Game/SideScrollerCPP/Maps/SideScrollerExampleMap.SideScrollerExampleMap:PersistentLevel.SideScrollerExampleMap'
[2018.07.03-02.11.51:951][ 75]LogBlueprintUserMessages: Early EndPlayMap Detection: Level '/Game/SideScrollerCPP/Maps/SideScrollerExampleMap.SideScrollerExampleMap:PersistentLevel' has LevelScriptBlueprint '/Game/SideScrollerCPP/Maps/SideScrollerExampleMap.SideScrollerExampleMap:PersistentLevel.SideScrollerExampleMap' with GeneratedClass '/Game/SideScrollerCPP/Maps/SideScrollerExampleMap.SideScrollerExampleMap_C' with ClassGeneratedBy '/Game/SideScrollerCPP/Maps/SideScrollerExampleMap.SideScrollerExampleMap:PersistentLevel.SideScrollerExampleMap'
[2018.07.03-02.11.52:065][ 75]LogBlueprintUserMessages: Late EndPlayMap Detection: Level '/Game/SideScrollerCPP/Maps/SideScrollerExampleMap.SideScrollerExampleMap:PersistentLevel' has LevelScriptBlueprint '/Game/SideScrollerCPP/Maps/SideScrollerExampleMap.SideScrollerExampleMap:PersistentLevel.SideScrollerExampleMap' with GeneratedClass '/Game/SideScrollerCPP/Maps/SideScrollerExampleMap.SideScrollerExampleMap_C' with ClassGeneratedBy '/Game/SideScrollerCPP/Maps/SideScrollerExampleMap.SideScrollerExampleMap:PersistentLevel.SideScrollerExampleMap'
[2018.07.03-02.11.57:288][597]LogEditorViewport: Clicking on Actor (LMB): SideScrollerCharacter_C (SideScrollerCharacter)
[2018.07.03-02.11.59:430][734]LogSlate: FSceneViewport::OnFocusLost() reason 0
[2018.07.03-02.12.13:616][940]LogContentBrowser: Native class hierarchy updated for 'SkeletonEditor' in 0.0010 seconds. Added 1 classes and 2 folders.
[2018.07.03-02.12.14:426][940]LogActorComponent: RegisterComponentWithWorld: (/Engine/Transient.World_5:PersistentLevel.Actor_0.DebugSkelMeshComponent_0) Already registered. Aborting.
[2018.07.03-02.12.14:472][940]LogContentBrowser: Native class hierarchy updated for 'PinnedCommandList' in 0.0009 seconds. Added 1 classes and 0 folders.
[2018.07.03-02.12.15:725][940]LogSlate: Took 0.018766 seconds to synchronously load lazily loaded font '../../../Engine/Content/Slate/Fonts/Roboto-Italic.ttf' (157K)
[2018.07.03-02.12.15:803][940]LogContentBrowser: Native class hierarchy updated for 'ClothingSystemEditorInterface' in 0.0009 seconds. Added 1 classes and 0 folders.
[2018.07.03-02.12.21:627][266]LogSlate: FSceneViewport::OnFocusLost() reason 0
[2018.07.03-02.12.21:724][271]LogActorComponent: RegisterComponentWithWorld: (/Engine/Transient.World_8:PersistentLevel.Actor_1.DebugSkelMeshComponent_1) Already registered. Aborting.
[2018.07.03-02.12.28:770][648]LogSlate: FSceneViewport::OnFocusLost() reason 0
[2018.07.03-02.12.28:916][653]LogActorComponent: RegisterComponentWithWorld: (/Engine/Transient.World_9:PersistentLevel.Actor_2.DebugSkelMeshComponent_2) Already registered. Aborting.
[2018.07.03-02.12.29:486][653]LogContentBrowser: Verbose: The majority of assets in the view are of type: AnimSequence
[2018.07.03-02.12.47:372][673]LogActorComponent: RegisterComponentWithWorld: (/Engine/Transient.World_12:PersistentLevel.Actor_3.DebugSkelMeshComponent_4) Already registered. Aborting.
[2018.07.03-02.12.48:374][673]LogSlate: Took 0.016022 seconds to synchronously load lazily loaded font '../../../Engine/Content/Slate/Fonts/Roboto-BoldCondensed.ttf' (158K)
[2018.07.03-02.13.11:668][930]Cmd: TRANSACTION UNDO
[2018.07.03-02.13.11:668][930]LogEditorTransaction: Undo Rotate Bone
[2018.07.03-02.13.11:948][930]LogActorComponent: RegisterComponentWithWorld: (/Engine/Transient.World_5:PersistentLevel.Actor_0.DebugSkelMeshComponent_0) Already registered. Aborting.
[2018.07.03-02.13.11:952][930]LogActorComponent: RegisterComponentWithWorld: (/Engine/Transient.World_8:PersistentLevel.Actor_1.DebugSkelMeshComponent_1) Already registered. Aborting.
[2018.07.03-02.13.13:003][987]LogSlate: FSceneViewport::OnFocusLost() reason 0
[2018.07.03-02.13.17:598][249]Cmd: TRANSACTION UNDO
[2018.07.03-02.13.17:598][249]LogEditorTransaction: Undo Rotate Bone
[2018.07.03-02.13.17:841][249]LogActorComponent: RegisterComponentWithWorld: (/Engine/Transient.World_5:PersistentLevel.Actor_0.DebugSkelMeshComponent_0) Already registered. Aborting.
[2018.07.03-02.13.17:843][249]LogActorComponent: RegisterComponentWithWorld: (/Engine/Transient.World_8:PersistentLevel.Actor_1.DebugSkelMeshComponent_1) Already registered. Aborting.
[2018.07.03-02.13.19:176][322]LogSlate: FSceneViewport::OnFocusLost() reason 0
[2018.07.03-02.13.25:421][673]LogSlate: FSceneViewport::OnFocusLost() reason 0
[2018.07.03-02.13.29:840][952]LogSlate: Window 'SK_Mannequin_Skeleton' being destroyed
[2018.07.03-02.13.29:843][952]LogSlate: Window 'SK_Mannequin_Skeleton' being destroyed
[2018.07.03-02.15.06:784][874]LogSlate: Only BGRA pngs, bmps or icos are supported in by External Image Picker
[2018.07.03-02.15.07:579][885]LogTemp: Executing iPhonePackager certificates Engine -bundlename com.YourCompany.MyProject
[2018.07.03-02.15.07:579][885]LogTemp: CWD: C:\Program Files\Epic Games\UE_4.19\Engine\Binaries\DotNET\IOS
[2018.07.03-02.15.07:579][885]LogTemp: Initial Dir: C:\Program Files\Epic Games\UE_4.19
[2018.07.03-02.15.07:579][885]LogTemp: Env CWD: C:\Program Files\Epic Games\UE_4.19\Engine\Binaries\DotNET\IOS
[2018.07.03-02.15.07:595][886]LogTemp: BranchPath = ALIEN/C/Program Files/Epic Games/UE_4.19/Engine/Binaries --- GameBranchPath = ALIEN/C/Program Files/Epic Games/UE_4.19/Engine/Binaries
[2018.07.03-02.15.07:807][899]LogTemp: IPP ERROR: Could not find provision directory 'C:\Users\graham\AppData\Local/Apple Computer/MobileDevice/Provisioning Profiles/'.
[2018.07.03-02.16.26:192][ 37]LogSlate: Window 'Project Settings' being destroyed
[2018.07.03-02.16.26:218][ 37]LogSlate: Window 'Project Settings' being destroyed
[2018.07.03-02.16.45:604][174]LogSlate: Window 'SideScrollerCharacter' being destroyed
[2018.07.03-02.16.45:608][174]LogSlate: Window 'SideScrollerCharacter' being destroyed
[2018.07.03-02.20.28:175][186]LogSlate: Only BGRA pngs, bmps or icos are supported in by External Image Picker
[2018.07.03-02.20.29:327][241]LogTemp: Executing iPhonePackager certificates Engine -bundlename com.YourCompany.MyProject
[2018.07.03-02.20.29:328][241]LogTemp: CWD: C:\Program Files\Epic Games\UE_4.19\Engine\Binaries\DotNET\IOS
[2018.07.03-02.20.29:328][241]LogTemp: Initial Dir: C:\Program Files\Epic Games\UE_4.19
[2018.07.03-02.20.29:328][241]LogTemp: Env CWD: C:\Program Files\Epic Games\UE_4.19\Engine\Binaries\DotNET\IOS
[2018.07.03-02.20.29:328][241]LogTemp: BranchPath = ALIEN/C/Program Files/Epic Games/UE_4.19/Engine/Binaries --- GameBranchPath = ALIEN/C/Program Files/Epic Games/UE_4.19/Engine/Binaries
[2018.07.03-02.20.29:369][244]LogTemp: IPP ERROR: Could not find provision directory 'C:\Users\graham\AppData\Local/Apple Computer/MobileDevice/Provisioning Profiles/'.
[2018.07.03-02.21.04:848][977]LogSlate: Window 'Project Settings' being destroyed
[2018.07.03-02.21.04:853][977]LogSlate: Window 'Project Settings' being destroyed
[2018.07.03-02.21.05:780][ 54]LogTemp: Repeating last play command: Selected Viewport
[2018.07.03-02.21.05:797][ 54]LogBlueprintUserMessages: Early PlayInEditor Detection: Level '/Game/SideScrollerCPP/Maps/SideScrollerExampleMap.SideScrollerExampleMap:PersistentLevel' has LevelScriptBlueprint '/Game/SideScrollerCPP/Maps/SideScrollerExampleMap.SideScrollerExampleMap:PersistentLevel.SideScrollerExampleMap' with GeneratedClass '/Game/SideScrollerCPP/Maps/SideScrollerExampleMap.SideScrollerExampleMap_C' with ClassGeneratedBy '/Game/SideScrollerCPP/Maps/SideScrollerExampleMap.SideScrollerExampleMap:PersistentLevel.SideScrollerExampleMap'
[2018.07.03-02.21.05:797][ 54]LogPlayLevel: PlayLevel: No blueprints needed recompiling
[2018.07.03-02.21.05:797][ 54]PIE: New page: PIE session: SideScrollerExampleMap (Jul 2, 2018, 12:21:05 PM)
[2018.07.03-02.21.05:798][ 54]LogPlayLevel: Creating play world package: /Game/SideScrollerCPP/Maps/UEDPIE_0_SideScrollerExampleMap
[2018.07.03-02.21.05:896][ 54]LogPlayLevel: PIE: StaticDuplicateObject took: (0.098374s)
[2018.07.03-02.21.05:898][ 54]LogAIModule: Creating AISystem for world SideScrollerExampleMap
[2018.07.03-02.21.05:898][ 54]LogPlayLevel: PIE: World Init took: (0.001601s)
[2018.07.03-02.21.05:898][ 54]LogPlayLevel: PIE: Created PIE world by copying editor world from /Game/SideScrollerCPP/Maps/SideScrollerExampleMap.SideScrollerExampleMap to /Game/SideScrollerCPP/Maps/UEDPIE_0_SideScrollerExampleMap.SideScrollerExampleMap (0.100471s)
[2018.07.03-02.21.06:012][ 54]LogInit: XAudio2 using 'Speakers / Headphones (Realtek High Definition Audio)' : 2 channels at 48 kHz using 32 bits per sample (channel mask 0x3)
[2018.07.03-02.21.06:035][ 54]LogInit: FAudioDevice initialized.
[2018.07.03-02.21.06:085][ 54]LogLoad: Game class is 'MyProjectGameMode'
[2018.07.03-02.21.06:087][ 54]LogWorld: Bringing World /Game/SideScrollerCPP/Maps/UEDPIE_0_SideScrollerExampleMap.SideScrollerExampleMap up for play (max tick rate 0) at 2018.07.02-19.21.06
[2018.07.03-02.21.06:088][ 54]LogWorld: Bringing up level for play took: 0.001516
[2018.07.03-02.21.06:089][ 54]PIE: Play in editor start time for /Game/SideScrollerCPP/Maps/UEDPIE_0_SideScrollerExampleMap 0.454
[2018.07.03-02.21.06:089][ 54]LogBlueprintUserMessages: Late PlayInEditor Detection: Level '/Game/SideScrollerCPP/Maps/SideScrollerExampleMap.SideScrollerExampleMap:PersistentLevel' has LevelScriptBlueprint '/Game/SideScrollerCPP/Maps/SideScrollerExampleMap.SideScrollerExampleMap:PersistentLevel.SideScrollerExampleMap' with GeneratedClass '/Game/SideScrollerCPP/Maps/SideScrollerExampleMap.SideScrollerExampleMap_C' with ClassGeneratedBy '/Game/SideScrollerCPP/Maps/SideScrollerExampleMap.SideScrollerExampleMap:PersistentLevel.SideScrollerExampleMap'
[2018.07.03-02.21.25:749][389]LogBlueprintUserMessages: Early EndPlayMap Detection: Level '/Game/SideScrollerCPP/Maps/SideScrollerExampleMap.SideScrollerExampleMap:PersistentLevel' has LevelScriptBlueprint '/Game/SideScrollerCPP/Maps/SideScrollerExampleMap.SideScrollerExampleMap:PersistentLevel.SideScrollerExampleMap' with GeneratedClass '/Game/SideScrollerCPP/Maps/SideScrollerExampleMap.SideScrollerExampleMap_C' with ClassGeneratedBy '/Game/SideScrollerCPP/Maps/SideScrollerExampleMap.SideScrollerExampleMap:PersistentLevel.SideScrollerExampleMap'
[2018.07.03-02.21.25:789][389]LogBlueprintUserMessages: Late EndPlayMap Detection: Level '/Game/SideScrollerCPP/Maps/SideScrollerExampleMap.SideScrollerExampleMap:PersistentLevel' has LevelScriptBlueprint '/Game/SideScrollerCPP/Maps/SideScrollerExampleMap.SideScrollerExampleMap:PersistentLevel.SideScrollerExampleMap' with GeneratedClass '/Game/SideScrollerCPP/Maps/SideScrollerExampleMap.SideScrollerExampleMap_C' with ClassGeneratedBy '/Game/SideScrollerCPP/Maps/SideScrollerExampleMap.SideScrollerExampleMap:PersistentLevel.SideScrollerExampleMap'
[2018.07.03-02.21.26:960][521]LogEditorViewport: Clicking on Actor (LMB): SideScrollerCharacter_C (SideScrollerCharacter)
[2018.07.03-02.22.13:528][855]LogSavePackage: Save=129.63ms
[2018.07.03-02.22.13:528][855]LogSavePackage: Moving '../../../../../../Users/graham/Desktop/GitStuff/Boxing/BoxingMobileGame/MyProject/Saved/SideScrollerExampleMap_Auto1C39FA2F64636AFE1C7BFF890D1F7F8D2.tmp' to '../../../../../../Users/graham/Desktop/GitStuff/Boxing/BoxingMobileGame/MyProject/Saved/Autosaves/Game/SideScrollerCPP/Maps/SideScrollerExampleMap_Auto1.umap'
[2018.07.03-02.22.13:530][855]LogSavePackage: Display: Finished SavePackage ../../../../../../Users/graham/Desktop/GitStuff/Boxing/BoxingMobileGame/MyProject/Saved/Autosaves/Game/SideScrollerCPP/Maps/SideScrollerExampleMap_Auto1.umap
[2018.07.03-02.22.13:536][855]LogFileHelpers: Editor autosave (incl. sublevels) for '/Game/SideScrollerCPP/Maps/SideScrollerExampleMap' took 2.286
[2018.07.03-02.22.13:536][855]LogFileHelpers: Editor autosave (incl. sublevels) for all levels took 2.286
[2018.07.03-02.22.58:556][991]LogEditorViewport: Clicking on Actor (LMB): SideScrollerCharacter_C (SideScrollerCharacter)
[2018.07.03-02.23.58:055][505]LogEditorViewport: Clicking on Actor (LMB): SideScrollerCharacter_C (SideScrollerCharacter)
[2018.07.03-02.24.18:384][997]LogSlate: FSceneViewport::OnFocusLost() reason 0
[2018.07.03-02.24.18:610][  4]Candidate modules for hot reload:
[2018.07.03-02.24.18:610][  4]  MyProject
[2018.07.03-02.24.18:610][  4]Launching UnrealBuildTool... [C:/Program Files/Epic Games/UE_4.19/Engine/Binaries/DotNET/UnrealBuildTool.exe MyProject -ModuleWithSuffix=MyProject,7179 Win64 Development -editorrecompile -canskiplink "C:/Users/graham/Desktop/GitStuff/Boxing/BoxingMobileGame/MyProject/MyProject.uproject" ]
[2018.07.03-02.24.19:311][  4]Warning: Starting HotReload took  0.8s.
[2018.07.03-02.30.56:983][625]CompilerResultsLog: New page: Compilation - Jul 2, 2018, 12:30:56 PM
[2018.07.03-02.30.57:011][625]CompilerResultsLog: Using 'git status' to determine working set for adaptive non-unity build.
[2018.07.03-02.30.57:011][625]CompilerResultsLog: Creating makefile for hot reloading MyProject (modules to compile have changed)
[2018.07.03-02.30.57:011][625]CompilerResultsLog: Compiling game modules for hot reload
[2018.07.03-02.30.57:011][625]CompilerResultsLog: Performing 3 actions (4 in parallel)
[2018.07.03-02.30.57:011][625]CompilerResultsLog: MyProjectCharacter.cpp
[2018.07.03-02.30.57:011][625]CompilerResultsLog: [2/3] Link UE4Editor-MyProject-7179.dll
[2018.07.03-02.30.57:012][625]CompilerResultsLog: [3/3] Link UE4Editor-MyProject-7179.lib
[2018.07.03-02.30.57:012][625]CompilerResultsLog:    Creating library C:\Users\graham\Desktop\GitStuff\Boxing\BoxingMobileGame\MyProject\Intermediate\Build\Win64\UE4Editor\Development\UE4Editor-MyProject-7179.lib and object C:\Users\graham\Desktop\GitStuff\Boxing\BoxingMobileGame\MyProject\Intermediate\Build\Win64\UE4Editor\Development\UE4Editor-MyProject-7179.exp
[2018.07.03-02.30.57:012][625]CompilerResultsLog:    Creating library C:\Users\graham\Desktop\GitStuff\Boxing\BoxingMobileGame\MyProject\Intermediate\Build\Win64\UE4Editor\Development\UE4Editor-MyProject-7179.suppressed.lib and object C:\Users\graham\Desktop\GitStuff\Boxing\BoxingMobileGame\MyProject\Intermediate\Build\Win64\UE4Editor\Development\UE4Editor-MyProject-7179.suppressed.exp
[2018.07.03-02.30.57:012][625]CompilerResultsLog: Total build time: 396.07 seconds (Local executor: 327.92 seconds)
[2018.07.03-02.30.57:012][625]LogMainFrame: MainFrame: Module compiling took 398.444 seconds
[2018.07.03-02.30.57:377][625]LogHotReload: Re-instancing MyProjectCharacter after hot-reload.
[2018.07.03-02.30.57:554][625]LogUObjectGlobals: Warning: Guid referenced by CapsuleComponent /Game/SideScrollerCPP/Maps/SideScrollerExampleMap.SideScrollerExampleMap:PersistentLevel.SideScrollerCharacter_2.CollisionCylinder is already used by CapsuleComponent /Game/SideScrollerCPP/Maps/SideScrollerExampleMap.SideScrollerExampleMap:PersistentLevel.REINST_SideScrollerCharacter_C_0.CollisionCylinder, which should never happen in the editor but could happen at runtime with duplicate level loading or PIE
[2018.07.03-02.30.57:555][625]LogUObjectGlobals: Warning: Guid referenced by ArrowComponent /Game/SideScrollerCPP/Maps/SideScrollerExampleMap.SideScrollerExampleMap:PersistentLevel.SideScrollerCharacter_2.Arrow is already used by ArrowComponent /Game/SideScrollerCPP/Maps/SideScrollerExampleMap.SideScrollerExampleMap:PersistentLevel.REINST_SideScrollerCharacter_C_0.Arrow, which should never happen in the editor but could happen at runtime with duplicate level loading or PIE
[2018.07.03-02.30.57:555][625]LogUObjectGlobals: Warning: Guid referenced by CharacterMovementComponent /Game/SideScrollerCPP/Maps/SideScrollerExampleMap.SideScrollerExampleMap:PersistentLevel.SideScrollerCharacter_2.CharMoveComp is already used by CharacterMovementComponent /Game/SideScrollerCPP/Maps/SideScrollerExampleMap.SideScrollerExampleMap:PersistentLevel.REINST_SideScrollerCharacter_C_0.CharMoveComp, which should never happen in the editor but could happen at runtime with duplicate level loading or PIE
[2018.07.03-02.30.57:555][625]LogUObjectGlobals: Warning: Guid referenced by SkeletalMeshComponent /Game/SideScrollerCPP/Maps/SideScrollerExampleMap.SideScrollerExampleMap:PersistentLevel.SideScrollerCharacter_2.CharacterMesh0 is already used by SkeletalMeshComponent /Game/SideScrollerCPP/Maps/SideScrollerExampleMap.SideScrollerExampleMap:PersistentLevel.REINST_SideScrollerCharacter_C_0.CharacterMesh0, which should never happen in the editor but could happen at runtime with duplicate level loading or PIE
[2018.07.03-02.30.57:555][625]LogUObjectGlobals: Warning: Guid referenced by SpringArmComponent /Game/SideScrollerCPP/Maps/SideScrollerExampleMap.SideScrollerExampleMap:PersistentLevel.SideScrollerCharacter_2.CameraBoom is already used by SpringArmComponent /Game/SideScrollerCPP/Maps/SideScrollerExampleMap.SideScrollerExampleMap:PersistentLevel.REINST_SideScrollerCharacter_C_0.CameraBoom, which should never happen in the editor but could happen at runtime with duplicate level loading or PIE
[2018.07.03-02.30.58:180][625]LogContentBrowser: Native class hierarchy updated for 'MyProject' in 0.0011 seconds. Added 2 classes and 2 folders.
[2018.07.03-02.30.58:184][625]Display: HotReload successful (0 functions remapped  0 scriptstructs remapped)
[2018.07.03-02.30.58:759][625]LogContentBrowser: Native class hierarchy populated in 0.0140 seconds. Added 2456 classes and 564 folders.
[2018.07.03-02.30.58:934][625]Display: HotReload took 400.5s.
[2018.07.03-02.31.03:606][639]LogEditorViewport: Clicking on Actor (LMB): StaticMeshActor (Ledge7)
[2018.07.03-02.31.35:174][790]LogSlate: FSceneViewport::OnFocusLost() reason 0
[2018.07.03-02.31.35:278][801]LogTemp: Repeating last play command: Selected Viewport
[2018.07.03-02.31.35:450][801]LogBlueprintUserMessages: Early PlayInEditor Detection: Level '/Game/SideScrollerCPP/Maps/SideScrollerExampleMap.SideScrollerExampleMap:PersistentLevel' has LevelScriptBlueprint '/Game/SideScrollerCPP/Maps/SideScrollerExampleMap.SideScrollerExampleMap:PersistentLevel.SideScrollerExampleMap' with GeneratedClass '/Game/SideScrollerCPP/Maps/SideScrollerExampleMap.SideScrollerExampleMap_C' with ClassGeneratedBy '/Game/SideScrollerCPP/Maps/SideScrollerExampleMap.SideScrollerExampleMap:PersistentLevel.SideScrollerExampleMap'
[2018.07.03-02.31.35:450][801]LogPlayLevel: PlayLevel: No blueprints needed recompiling
[2018.07.03-02.31.35:451][801]PIE: New page: PIE session: SideScrollerExampleMap (Jul 2, 2018, 12:31:35 PM)
[2018.07.03-02.31.35:451][801]LogPlayLevel: Creating play world package: /Game/SideScrollerCPP/Maps/UEDPIE_0_SideScrollerExampleMap
[2018.07.03-02.31.35:577][801]LogPlayLevel: PIE: StaticDuplicateObject took: (0.125847s)
[2018.07.03-02.31.35:625][801]LogAIModule: Creating AISystem for world SideScrollerExampleMap
[2018.07.03-02.31.35:626][801]LogPlayLevel: PIE: World Init took: (0.048558s)
[2018.07.03-02.31.35:626][801]LogPlayLevel: PIE: Created PIE world by copying editor world from /Game/SideScrollerCPP/Maps/SideScrollerExampleMap.SideScrollerExampleMap to /Game/SideScrollerCPP/Maps/UEDPIE_0_SideScrollerExampleMap.SideScrollerExampleMap (0.174786s)
[2018.07.03-02.31.35:708][801]LogInit: XAudio2 using 'Speakers / Headphones (Realtek High Definition Audio)' : 2 channels at 48 kHz using 32 bits per sample (channel mask 0x3)
[2018.07.03-02.31.35:733][801]LogInit: FAudioDevice initialized.
[2018.07.03-02.31.35:774][801]LogLoad: Game class is 'MyProjectGameMode'
[2018.07.03-02.31.35:776][801]LogWorld: Bringing World /Game/SideScrollerCPP/Maps/UEDPIE_0_SideScrollerExampleMap.SideScrollerExampleMap up for play (max tick rate 0) at 2018.07.02-19.31.35
[2018.07.03-02.31.35:776][801]LogWorld: Bringing up level for play took: 0.001446
[2018.07.03-02.31.35:778][801]PIE: Play in editor start time for /Game/SideScrollerCPP/Maps/UEDPIE_0_SideScrollerExampleMap 0.142
[2018.07.03-02.31.35:778][801]LogBlueprintUserMessages: Late PlayInEditor Detection: Level '/Game/SideScrollerCPP/Maps/SideScrollerExampleMap.SideScrollerExampleMap:PersistentLevel' has LevelScriptBlueprint '/Game/SideScrollerCPP/Maps/SideScrollerExampleMap.SideScrollerExampleMap:PersistentLevel.SideScrollerExampleMap' with GeneratedClass '/Game/SideScrollerCPP/Maps/SideScrollerExampleMap.SideScrollerExampleMap_C' with ClassGeneratedBy '/Game/SideScrollerCPP/Maps/SideScrollerExampleMap.SideScrollerExampleMap:PersistentLevel.SideScrollerExampleMap'
[2018.07.03-02.31.39:471][224]LogBlueprintUserMessages: Early EndPlayMap Detection: Level '/Game/SideScrollerCPP/Maps/SideScrollerExampleMap.SideScrollerExampleMap:PersistentLevel' has LevelScriptBlueprint '/Game/SideScrollerCPP/Maps/SideScrollerExampleMap.SideScrollerExampleMap:PersistentLevel.SideScrollerExampleMap' with GeneratedClass '/Game/SideScrollerCPP/Maps/SideScrollerExampleMap.SideScrollerExampleMap_C' with ClassGeneratedBy '/Game/SideScrollerCPP/Maps/SideScrollerExampleMap.SideScrollerExampleMap:PersistentLevel.SideScrollerExampleMap'
[2018.07.03-02.31.39:517][224]LogBlueprintUserMessages: Late EndPlayMap Detection: Level '/Game/SideScrollerCPP/Maps/SideScrollerExampleMap.SideScrollerExampleMap:PersistentLevel' has LevelScriptBlueprint '/Game/SideScrollerCPP/Maps/SideScrollerExampleMap.SideScrollerExampleMap:PersistentLevel.SideScrollerExampleMap' with GeneratedClass '/Game/SideScrollerCPP/Maps/SideScrollerExampleMap.SideScrollerExampleMap_C' with ClassGeneratedBy '/Game/SideScrollerCPP/Maps/SideScrollerExampleMap.SideScrollerExampleMap:PersistentLevel.SideScrollerExampleMap'
[2018.07.03-02.31.45:877][923]LogSlate: FSceneViewport::OnFocusLost() reason 0
[2018.07.03-02.31.45:950][931]LogTemp: Repeating last play command: Selected Viewport
[2018.07.03-02.31.45:967][931]LogBlueprintUserMessages: Early PlayInEditor Detection: Level '/Game/SideScrollerCPP/Maps/SideScrollerExampleMap.SideScrollerExampleMap:PersistentLevel' has LevelScriptBlueprint '/Game/SideScrollerCPP/Maps/SideScrollerExampleMap.SideScrollerExampleMap:PersistentLevel.SideScrollerExampleMap' with GeneratedClass '/Game/SideScrollerCPP/Maps/SideScrollerExampleMap.SideScrollerExampleMap_C' with ClassGeneratedBy '/Game/SideScrollerCPP/Maps/SideScrollerExampleMap.SideScrollerExampleMap:PersistentLevel.SideScrollerExampleMap'
[2018.07.03-02.31.45:967][931]LogPlayLevel: PlayLevel: No blueprints needed recompiling
[2018.07.03-02.31.45:968][931]PIE: New page: PIE session: SideScrollerExampleMap (Jul 2, 2018, 12:31:45 PM)
[2018.07.03-02.31.45:968][931]LogPlayLevel: Creating play world package: /Game/SideScrollerCPP/Maps/UEDPIE_0_SideScrollerExampleMap
[2018.07.03-02.31.45:985][931]LogPlayLevel: PIE: StaticDuplicateObject took: (0.017293s)
[2018.07.03-02.31.45:986][931]LogAIModule: Creating AISystem for world SideScrollerExampleMap
[2018.07.03-02.31.45:988][931]LogPlayLevel: PIE: World Init took: (0.002088s)
[2018.07.03-02.31.45:988][931]LogPlayLevel: PIE: Created PIE world by copying editor world from /Game/SideScrollerCPP/Maps/SideScrollerExampleMap.SideScrollerExampleMap to /Game/SideScrollerCPP/Maps/UEDPIE_0_SideScrollerExampleMap.SideScrollerExampleMap (0.019963s)
[2018.07.03-02.31.46:030][931]LogInit: XAudio2 using 'Speakers / Headphones (Realtek High Definition Audio)' : 2 channels at 48 kHz using 32 bits per sample (channel mask 0x3)
[2018.07.03-02.31.46:056][931]LogInit: FAudioDevice initialized.
[2018.07.03-02.31.46:093][931]LogLoad: Game class is 'MyProjectGameMode'
[2018.07.03-02.31.46:095][931]LogWorld: Bringing World /Game/SideScrollerCPP/Maps/UEDPIE_0_SideScrollerExampleMap.SideScrollerExampleMap up for play (max tick rate 0) at 2018.07.02-19.31.46
[2018.07.03-02.31.46:095][931]LogWorld: Bringing up level for play took: 0.001423
[2018.07.03-02.31.46:097][931]PIE: Play in editor start time for /Game/SideScrollerCPP/Maps/UEDPIE_0_SideScrollerExampleMap 0.461
[2018.07.03-02.31.46:097][931]LogBlueprintUserMessages: Late PlayInEditor Detection: Level '/Game/SideScrollerCPP/Maps/SideScrollerExampleMap.SideScrollerExampleMap:PersistentLevel' has LevelScriptBlueprint '/Game/SideScrollerCPP/Maps/SideScrollerExampleMap.SideScrollerExampleMap:PersistentLevel.SideScrollerExampleMap' with GeneratedClass '/Game/SideScrollerCPP/Maps/SideScrollerExampleMap.SideScrollerExampleMap_C' with ClassGeneratedBy '/Game/SideScrollerCPP/Maps/SideScrollerExampleMap.SideScrollerExampleMap:PersistentLevel.SideScrollerExampleMap'
[2018.07.03-02.31.51:636][550]LogBlueprintUserMessages: Early EndPlayMap Detection: Level '/Game/SideScrollerCPP/Maps/SideScrollerExampleMap.SideScrollerExampleMap:PersistentLevel' has LevelScriptBlueprint '/Game/SideScrollerCPP/Maps/SideScrollerExampleMap.SideScrollerExampleMap:PersistentLevel.SideScrollerExampleMap' with GeneratedClass '/Game/SideScrollerCPP/Maps/SideScrollerExampleMap.SideScrollerExampleMap_C' with ClassGeneratedBy '/Game/SideScrollerCPP/Maps/SideScrollerExampleMap.SideScrollerExampleMap:PersistentLevel.SideScrollerExampleMap'
[2018.07.03-02.31.51:682][550]LogBlueprintUserMessages: Late EndPlayMap Detection: Level '/Game/SideScrollerCPP/Maps/SideScrollerExampleMap.SideScrollerExampleMap:PersistentLevel' has LevelScriptBlueprint '/Game/SideScrollerCPP/Maps/SideScrollerExampleMap.SideScrollerExampleMap:PersistentLevel.SideScrollerExampleMap' with GeneratedClass '/Game/SideScrollerCPP/Maps/SideScrollerExampleMap.SideScrollerExampleMap_C' with ClassGeneratedBy '/Game/SideScrollerCPP/Maps/SideScrollerExampleMap.SideScrollerExampleMap:PersistentLevel.SideScrollerExampleMap'
[2018.07.03-02.31.52:692][658]LogEditorViewport: Clicking on Actor (LMB): StaticMeshActor (Ledge7)
[2018.07.03-02.32.37:488][170]LogSlate: FSceneViewport::OnFocusLost() reason 2
[2018.07.03-02.32.37:809][170]LogSavePackage: Save=130.26ms
[2018.07.03-02.32.37:809][170]LogSavePackage: Moving '../../../../../../Users/graham/Desktop/GitStuff/Boxing/BoxingMobileGame/MyProject/Saved/SideScrollerExampleMap_Auto26011FFDE4AD7F79EA67923990ACB755D.tmp' to '../../../../../../Users/graham/Desktop/GitStuff/Boxing/BoxingMobileGame/MyProject/Saved/Autosaves/Game/SideScrollerCPP/Maps/SideScrollerExampleMap_Auto2.umap'
[2018.07.03-02.32.37:811][170]LogSavePackage: Display: Finished SavePackage ../../../../../../Users/graham/Desktop/GitStuff/Boxing/BoxingMobileGame/MyProject/Saved/Autosaves/Game/SideScrollerCPP/Maps/SideScrollerExampleMap_Auto2.umap
[2018.07.03-02.32.37:816][170]LogFileHelpers: Editor autosave (incl. sublevels) for '/Game/SideScrollerCPP/Maps/SideScrollerExampleMap' took 0.292
[2018.07.03-02.32.37:816][170]LogFileHelpers: Editor autosave (incl. sublevels) for all levels took 0.292
[2018.07.03-02.36.55:936][299]LogEditorViewport: Clicking on Actor (LMB): SideScrollerCharacter_C (SideScrollerCharacter)
[2018.07.03-02.37.03:298][891]LogEditorViewport: Clicking on Actor (LMB): StaticMeshActor (Wall3)
[2018.07.03-02.37.04:231][971]LogEditorViewport: Clicking on Actor (LMB): SideScrollerCharacter_C (SideScrollerCharacter)
[2018.07.03-02.37.06:301][114]LogEditorViewport: Clicking on Actor (LMB): StaticMeshActor (Floor)
[2018.07.03-02.37.07:528][217]LogSlate: FSceneViewport::OnFocusLost() reason 2
[2018.07.03-02.37.07:701][217]LogSavePackage: Save=142.48ms
[2018.07.03-02.37.07:702][217]LogSavePackage: Moving '../../../../../../Users/graham/Desktop/GitStuff/Boxing/BoxingMobileGame/MyProject/Saved/SideScrollerExampleMap5759F0104A7432DA3ED49D8E1BFBCA72.tmp' to '../../../../../../Users/graham/Desktop/GitStuff/Boxing/BoxingMobileGame/MyProject/Content/SideScrollerCPP/Maps/SideScrollerExampleMap.umap'
[2018.07.03-02.37.07:706][217]LogSavePackage: Display: Finished SavePackage ../../../../../../Users/graham/Desktop/GitStuff/Boxing/BoxingMobileGame/MyProject/Content/SideScrollerCPP/Maps/SideScrollerExampleMap.umap
[2018.07.03-02.37.07:939][217]LogSavePackage: Save=121.11ms
[2018.07.03-02.37.07:940][217]LogSavePackage: Moving '../../../../../../Users/graham/Desktop/GitStuff/Boxing/BoxingMobileGame/MyProject/Saved/SideScrollerExampleMap_BuiltData15E93F424618124D44C0EE8919696981.tmp' to '../../../../../../Users/graham/Desktop/GitStuff/Boxing/BoxingMobileGame/MyProject/Content/SideScrollerCPP/Maps/SideScrollerExampleMap_BuiltData.uasset'
[2018.07.03-02.37.07:942][217]LogSavePackage: Display: Finished SavePackage ../../../../../../Users/graham/Desktop/GitStuff/Boxing/BoxingMobileGame/MyProject/Content/SideScrollerCPP/Maps/SideScrollerExampleMap_BuiltData.uasset
